25-Oct-2024 00:36:10.483 INFO [main] org.apache.catalina.startup.VersionLoggerListener.log Server version name:   Apache Tomcat/9.0.93
25-Oct-2024 00:36:10.486 INFO [main] org.apache.catalina.startup.VersionLoggerListener.log Server built:          Aug 2 2024 21:24:59 UTC
25-Oct-2024 00:36:10.486 INFO [main] org.apache.catalina.startup.VersionLoggerListener.log Server version number: 9.0.93.0
25-Oct-2024 00:36:10.486 INFO [main] org.apache.catalina.startup.VersionLoggerListener.log OS Name:               Linux
25-Oct-2024 00:36:10.486 INFO [main] org.apache.catalina.startup.VersionLoggerListener.log OS Version:            6.8.0-47-generic
25-Oct-2024 00:36:10.486 INFO [main] org.apache.catalina.startup.VersionLoggerListener.log Architecture:          amd64
25-Oct-2024 00:36:10.486 INFO [main] org.apache.catalina.startup.VersionLoggerListener.log Java Home:             /usr/lib/jvm/java-21-openjdk-amd64
25-Oct-2024 00:36:10.486 INFO [main] org.apache.catalina.startup.VersionLoggerListener.log JVM Version:           21.0.4+7-Ubuntu-1ubuntu222.04
25-Oct-2024 00:36:10.486 INFO [main] org.apache.catalina.startup.VersionLoggerListener.log JVM Vendor:            Ubuntu
25-Oct-2024 00:36:10.486 INFO [main] org.apache.catalina.startup.VersionLoggerListener.log CATALINA_BASE:         /home/dik/Desktop/Java/myREST
25-Oct-2024 00:36:10.486 INFO [main] org.apache.catalina.startup.VersionLoggerListener.log CATALINA_HOME:         /home/dik/Desktop/Java/myREST/tomcat
25-Oct-2024 00:36:10.490 INFO [main] org.apache.catalina.startup.VersionLoggerListener.log Command line argument: --add-opens=java.base/java.lang=ALL-UNNAMED
25-Oct-2024 00:36:10.491 INFO [main] org.apache.catalina.startup.VersionLoggerListener.log Command line argument: --add-opens=java.base/java.io=ALL-UNNAMED
25-Oct-2024 00:36:10.491 INFO [main] org.apache.catalina.startup.VersionLoggerListener.log Command line argument: --add-opens=java.base/java.util=ALL-UNNAMED
25-Oct-2024 00:36:10.491 INFO [main] org.apache.catalina.startup.VersionLoggerListener.log Command line argument: --add-opens=java.base/java.util.concurrent=ALL-UNNAMED
25-Oct-2024 00:36:10.491 INFO [main] org.apache.catalina.startup.VersionLoggerListener.log Command line argument: --add-opens=java.rmi/sun.rmi.transport=ALL-UNNAMED
25-Oct-2024 00:36:10.491 INFO [main] org.apache.catalina.startup.VersionLoggerListener.log Command line argument: -Dcatalina.home=/home/dik/Desktop/Java/myREST/tomcat
25-Oct-2024 00:36:10.491 INFO [main] org.apache.catalina.startup.VersionLoggerListener.log Command line argument: -Dcatalina.base=/home/dik/Desktop/Java/myREST
25-Oct-2024 00:36:10.491 INFO [main] org.apache.catalina.startup.VersionLoggerListener.log Command line argument: -Djava.io.tmpdir=/home/dik/Desktop/Java/myREST/temp
25-Oct-2024 00:36:10.491 INFO [main] org.apache.catalina.startup.VersionLoggerListener.log Command line argument: -Djava.util.logging.config.file=/home/dik/Desktop/Java/myREST/conf/logging.properties
25-Oct-2024 00:36:10.491 INFO [main] org.apache.catalina.startup.VersionLoggerListener.log Command line argument: -Djava.util.logging.manager=org.apache.juli.ClassLoaderLogManager
25-Oct-2024 00:36:10.491 INFO [main] org.apache.catalina.startup.VersionLoggerListener.log Command line argument: -javaagent:/home/dik/Desktop/idea-IC-241.18034.62/lib/idea_rt.jar=34805:/home/dik/Desktop/idea-IC-241.18034.62/bin
25-Oct-2024 00:36:10.491 INFO [main] org.apache.catalina.startup.VersionLoggerListener.log Command line argument: -Dfile.encoding=UTF-8
25-Oct-2024 00:36:10.491 INFO [main] org.apache.catalina.startup.VersionLoggerListener.log Command line argument: -Dsun.stdout.encoding=UTF-8
25-Oct-2024 00:36:10.491 INFO [main] org.apache.catalina.startup.VersionLoggerListener.log Command line argument: -Dsun.stderr.encoding=UTF-8
25-Oct-2024 00:36:10.493 INFO [main] org.apache.catalina.core.AprLifecycleListener.lifecycleEvent The Apache Tomcat Native library which allows using OpenSSL was not found on the java.library.path: [/usr/java/packages/lib:/usr/lib/x86_64-linux-gnu/jni:/lib/x86_64-linux-gnu:/usr/lib/x86_64-linux-gnu:/usr/lib/jni:/lib:/usr/lib]
25-Oct-2024 00:36:10.711 INFO [main] org.apache.coyote.AbstractProtocol.init Initializing ProtocolHandler ["http-nio-8080"]
25-Oct-2024 00:36:10.724 INFO [main] org.apache.catalina.startup.Catalina.load Server initialization in [381] milliseconds
25-Oct-2024 00:36:10.750 INFO [main] org.apache.catalina.core.StandardService.startInternal Starting service [Catalina]
25-Oct-2024 00:36:10.751 INFO [main] org.apache.catalina.core.StandardEngine.startInternal Starting Servlet engine: [Apache Tomcat/9.0.93]
25-Oct-2024 00:36:10.755 INFO [main] org.apache.catalina.startup.HostConfig.deployDescriptor Deploying deployment descriptor [/home/dik/Desktop/Java/myREST/conf/Catalina/localhost/myREST.xml]
25-Oct-2024 00:36:11.310 INFO [main] org.apache.jasper.servlet.TldScanner.scanJars At least one JAR was scanned for TLDs yet contained no TLDs. Enable debug logging for this logger for a complete list of JARs that were scanned but no TLDs were found in them. Skipping unneeded JARs during scanning can improve startup time and JSP compilation time.
25-Oct-2024 00:36:11.344 INFO [main] org.apache.catalina.startup.HostConfig.deployDescriptor Deployment of deployment descriptor [/home/dik/Desktop/Java/myREST/conf/Catalina/localhost/myREST.xml] has finished in [588] ms
25-Oct-2024 00:36:11.346 INFO [main] org.apache.coyote.AbstractProtocol.start Starting ProtocolHandler ["http-nio-8080"]
25-Oct-2024 00:36:11.352 INFO [main] org.apache.catalina.startup.Catalina.start Server startup in [627] milliseconds
25-Oct-2024 00:36:13.756 INFO [Thread-1] org.apache.coyote.AbstractProtocol.pause Pausing ProtocolHandler ["http-nio-8080"]
25-Oct-2024 00:36:13.757 INFO [Thread-1] org.apache.catalina.core.StandardService.stopInternal Stopping service [Catalina]
25-Oct-2024 00:36:13.766 INFO [Thread-1] org.apache.coyote.AbstractProtocol.stop Stopping ProtocolHandler ["http-nio-8080"]
25-Oct-2024 00:36:13.768 INFO [Thread-1] org.apache.coyote.AbstractProtocol.destroy Destroying ProtocolHandler ["http-nio-8080"]
25-Oct-2024 00:36:34.324 INFO [main] org.apache.catalina.startup.VersionLoggerListener.log Server version name:   Apache Tomcat/9.0.93
25-Oct-2024 00:36:34.328 INFO [main] org.apache.catalina.startup.VersionLoggerListener.log Server built:          Aug 2 2024 21:24:59 UTC
25-Oct-2024 00:36:34.328 INFO [main] org.apache.catalina.startup.VersionLoggerListener.log Server version number: 9.0.93.0
25-Oct-2024 00:36:34.328 INFO [main] org.apache.catalina.startup.VersionLoggerListener.log OS Name:               Linux
25-Oct-2024 00:36:34.328 INFO [main] org.apache.catalina.startup.VersionLoggerListener.log OS Version:            6.8.0-47-generic
25-Oct-2024 00:36:34.328 INFO [main] org.apache.catalina.startup.VersionLoggerListener.log Architecture:          amd64
25-Oct-2024 00:36:34.328 INFO [main] org.apache.catalina.startup.VersionLoggerListener.log Java Home:             /usr/lib/jvm/java-21-openjdk-amd64
25-Oct-2024 00:36:34.328 INFO [main] org.apache.catalina.startup.VersionLoggerListener.log JVM Version:           21.0.4+7-Ubuntu-1ubuntu222.04
25-Oct-2024 00:36:34.328 INFO [main] org.apache.catalina.startup.VersionLoggerListener.log JVM Vendor:            Ubuntu
25-Oct-2024 00:36:34.328 INFO [main] org.apache.catalina.startup.VersionLoggerListener.log CATALINA_BASE:         /home/dik/Desktop/Java/myREST
25-Oct-2024 00:36:34.328 INFO [main] org.apache.catalina.startup.VersionLoggerListener.log CATALINA_HOME:         /home/dik/Desktop/Java/myREST/tomcat
25-Oct-2024 00:36:34.334 INFO [main] org.apache.catalina.startup.VersionLoggerListener.log Command line argument: --add-opens=java.base/java.lang=ALL-UNNAMED
25-Oct-2024 00:36:34.334 INFO [main] org.apache.catalina.startup.VersionLoggerListener.log Command line argument: --add-opens=java.base/java.io=ALL-UNNAMED
25-Oct-2024 00:36:34.334 INFO [main] org.apache.catalina.startup.VersionLoggerListener.log Command line argument: --add-opens=java.base/java.util=ALL-UNNAMED
25-Oct-2024 00:36:34.334 INFO [main] org.apache.catalina.startup.VersionLoggerListener.log Command line argument: --add-opens=java.base/java.util.concurrent=ALL-UNNAMED
25-Oct-2024 00:36:34.334 INFO [main] org.apache.catalina.startup.VersionLoggerListener.log Command line argument: --add-opens=java.rmi/sun.rmi.transport=ALL-UNNAMED
25-Oct-2024 00:36:34.334 INFO [main] org.apache.catalina.startup.VersionLoggerListener.log Command line argument: -Dcatalina.home=/home/dik/Desktop/Java/myREST/tomcat
25-Oct-2024 00:36:34.334 INFO [main] org.apache.catalina.startup.VersionLoggerListener.log Command line argument: -Dcatalina.base=/home/dik/Desktop/Java/myREST
25-Oct-2024 00:36:34.334 INFO [main] org.apache.catalina.startup.VersionLoggerListener.log Command line argument: -Djava.io.tmpdir=/home/dik/Desktop/Java/myREST/temp
25-Oct-2024 00:36:34.334 INFO [main] org.apache.catalina.startup.VersionLoggerListener.log Command line argument: -Djava.util.logging.config.file=/home/dik/Desktop/Java/myREST/conf/logging.properties
25-Oct-2024 00:36:34.334 INFO [main] org.apache.catalina.startup.VersionLoggerListener.log Command line argument: -Djava.util.logging.manager=org.apache.juli.ClassLoaderLogManager
25-Oct-2024 00:36:34.335 INFO [main] org.apache.catalina.startup.VersionLoggerListener.log Command line argument: -javaagent:/home/dik/Desktop/idea-IC-241.18034.62/lib/idea_rt.jar=46725:/home/dik/Desktop/idea-IC-241.18034.62/bin
25-Oct-2024 00:36:34.335 INFO [main] org.apache.catalina.startup.VersionLoggerListener.log Command line argument: -Dfile.encoding=UTF-8
25-Oct-2024 00:36:34.335 INFO [main] org.apache.catalina.startup.VersionLoggerListener.log Command line argument: -Dsun.stdout.encoding=UTF-8
25-Oct-2024 00:36:34.335 INFO [main] org.apache.catalina.startup.VersionLoggerListener.log Command line argument: -Dsun.stderr.encoding=UTF-8
25-Oct-2024 00:36:34.336 INFO [main] org.apache.catalina.core.AprLifecycleListener.lifecycleEvent The Apache Tomcat Native library which allows using OpenSSL was not found on the java.library.path: [/usr/java/packages/lib:/usr/lib/x86_64-linux-gnu/jni:/lib/x86_64-linux-gnu:/usr/lib/x86_64-linux-gnu:/usr/lib/jni:/lib:/usr/lib]
25-Oct-2024 00:36:34.612 INFO [main] org.apache.coyote.AbstractProtocol.init Initializing ProtocolHandler ["http-nio-8080"]
25-Oct-2024 00:36:34.628 INFO [main] org.apache.catalina.startup.Catalina.load Server initialization in [448] milliseconds
25-Oct-2024 00:36:34.658 INFO [main] org.apache.catalina.core.StandardService.startInternal Starting service [Catalina]
25-Oct-2024 00:36:34.659 INFO [main] org.apache.catalina.core.StandardEngine.startInternal Starting Servlet engine: [Apache Tomcat/9.0.93]
25-Oct-2024 00:36:34.665 INFO [main] org.apache.catalina.startup.HostConfig.deployDescriptor Deploying deployment descriptor [/home/dik/Desktop/Java/myREST/conf/Catalina/localhost/myREST.xml]
25-Oct-2024 00:36:35.193 INFO [main] org.apache.jasper.servlet.TldScanner.scanJars At least one JAR was scanned for TLDs yet contained no TLDs. Enable debug logging for this logger for a complete list of JARs that were scanned but no TLDs were found in them. Skipping unneeded JARs during scanning can improve startup time and JSP compilation time.
25-Oct-2024 00:36:35.222 INFO [main] org.apache.catalina.startup.HostConfig.deployDescriptor Deployment of deployment descriptor [/home/dik/Desktop/Java/myREST/conf/Catalina/localhost/myREST.xml] has finished in [556] ms
25-Oct-2024 00:36:35.224 INFO [main] org.apache.coyote.AbstractProtocol.start Starting ProtocolHandler ["http-nio-8080"]
25-Oct-2024 00:36:35.229 INFO [main] org.apache.catalina.startup.Catalina.start Server startup in [600] milliseconds
25-Oct-2024 00:36:37.591 INFO [Thread-1] org.apache.coyote.AbstractProtocol.pause Pausing ProtocolHandler ["http-nio-8080"]
25-Oct-2024 00:36:37.593 INFO [Thread-1] org.apache.catalina.core.StandardService.stopInternal Stopping service [Catalina]
25-Oct-2024 00:36:37.599 INFO [Thread-1] org.apache.coyote.AbstractProtocol.stop Stopping ProtocolHandler ["http-nio-8080"]
25-Oct-2024 00:36:37.602 INFO [Thread-1] org.apache.coyote.AbstractProtocol.destroy Destroying ProtocolHandler ["http-nio-8080"]
25-Oct-2024 07:34:09.400 INFO [main] org.apache.catalina.startup.VersionLoggerListener.log Server version name:   Apache Tomcat/9.0.93
25-Oct-2024 07:34:09.409 INFO [main] org.apache.catalina.startup.VersionLoggerListener.log Server built:          Aug 2 2024 21:24:59 UTC
25-Oct-2024 07:34:09.409 INFO [main] org.apache.catalina.startup.VersionLoggerListener.log Server version number: 9.0.93.0
25-Oct-2024 07:34:09.410 INFO [main] org.apache.catalina.startup.VersionLoggerListener.log OS Name:               Linux
25-Oct-2024 07:34:09.410 INFO [main] org.apache.catalina.startup.VersionLoggerListener.log OS Version:            6.8.0-47-generic
25-Oct-2024 07:34:09.410 INFO [main] org.apache.catalina.startup.VersionLoggerListener.log Architecture:          amd64
25-Oct-2024 07:34:09.410 INFO [main] org.apache.catalina.startup.VersionLoggerListener.log Java Home:             /usr/lib/jvm/java-21-openjdk-amd64
25-Oct-2024 07:34:09.410 INFO [main] org.apache.catalina.startup.VersionLoggerListener.log JVM Version:           21.0.4+7-Ubuntu-1ubuntu222.04
25-Oct-2024 07:34:09.410 INFO [main] org.apache.catalina.startup.VersionLoggerListener.log JVM Vendor:            Ubuntu
25-Oct-2024 07:34:09.410 INFO [main] org.apache.catalina.startup.VersionLoggerListener.log CATALINA_BASE:         /home/dik/Desktop/Java/myREST
25-Oct-2024 07:34:09.410 INFO [main] org.apache.catalina.startup.VersionLoggerListener.log CATALINA_HOME:         /home/dik/Desktop/Java/myREST/tomcat
25-Oct-2024 07:34:09.414 INFO [main] org.apache.catalina.startup.VersionLoggerListener.log Command line argument: --add-opens=java.base/java.lang=ALL-UNNAMED
25-Oct-2024 07:34:09.414 INFO [main] org.apache.catalina.startup.VersionLoggerListener.log Command line argument: --add-opens=java.base/java.io=ALL-UNNAMED
25-Oct-2024 07:34:09.414 INFO [main] org.apache.catalina.startup.VersionLoggerListener.log Command line argument: --add-opens=java.base/java.util=ALL-UNNAMED
25-Oct-2024 07:34:09.414 INFO [main] org.apache.catalina.startup.VersionLoggerListener.log Command line argument: --add-opens=java.base/java.util.concurrent=ALL-UNNAMED
25-Oct-2024 07:34:09.414 INFO [main] org.apache.catalina.startup.VersionLoggerListener.log Command line argument: --add-opens=java.rmi/sun.rmi.transport=ALL-UNNAMED
25-Oct-2024 07:34:09.414 INFO [main] org.apache.catalina.startup.VersionLoggerListener.log Command line argument: -Dcatalina.home=/home/dik/Desktop/Java/myREST/tomcat
25-Oct-2024 07:34:09.414 INFO [main] org.apache.catalina.startup.VersionLoggerListener.log Command line argument: -Dcatalina.base=/home/dik/Desktop/Java/myREST
25-Oct-2024 07:34:09.414 INFO [main] org.apache.catalina.startup.VersionLoggerListener.log Command line argument: -Djava.io.tmpdir=/home/dik/Desktop/Java/myREST/temp
25-Oct-2024 07:34:09.415 INFO [main] org.apache.catalina.startup.VersionLoggerListener.log Command line argument: -Djava.util.logging.config.file=/home/dik/Desktop/Java/myREST/conf/logging.properties
25-Oct-2024 07:34:09.415 INFO [main] org.apache.catalina.startup.VersionLoggerListener.log Command line argument: -Djava.util.logging.manager=org.apache.juli.ClassLoaderLogManager
25-Oct-2024 07:34:09.415 INFO [main] org.apache.catalina.startup.VersionLoggerListener.log Command line argument: -javaagent:/home/dik/Desktop/idea-IC-241.18034.62/lib/idea_rt.jar=41635:/home/dik/Desktop/idea-IC-241.18034.62/bin
25-Oct-2024 07:34:09.415 INFO [main] org.apache.catalina.startup.VersionLoggerListener.log Command line argument: -Dfile.encoding=UTF-8
25-Oct-2024 07:34:09.415 INFO [main] org.apache.catalina.startup.VersionLoggerListener.log Command line argument: -Dsun.stdout.encoding=UTF-8
25-Oct-2024 07:34:09.415 INFO [main] org.apache.catalina.startup.VersionLoggerListener.log Command line argument: -Dsun.stderr.encoding=UTF-8
25-Oct-2024 07:34:09.416 INFO [main] org.apache.catalina.core.AprLifecycleListener.lifecycleEvent The Apache Tomcat Native library which allows using OpenSSL was not found on the java.library.path: [/usr/java/packages/lib:/usr/lib/x86_64-linux-gnu/jni:/lib/x86_64-linux-gnu:/usr/lib/x86_64-linux-gnu:/usr/lib/jni:/lib:/usr/lib]
25-Oct-2024 07:34:09.742 INFO [main] org.apache.coyote.AbstractProtocol.init Initializing ProtocolHandler ["http-nio-8080"]
25-Oct-2024 07:34:09.761 INFO [main] org.apache.catalina.startup.Catalina.load Server initialization in [528] milliseconds
25-Oct-2024 07:34:09.795 INFO [main] org.apache.catalina.core.StandardService.startInternal Starting service [Catalina]
25-Oct-2024 07:34:09.795 INFO [main] org.apache.catalina.core.StandardEngine.startInternal Starting Servlet engine: [Apache Tomcat/9.0.93]
25-Oct-2024 07:34:09.801 INFO [main] org.apache.catalina.startup.HostConfig.deployDescriptor Deploying deployment descriptor [/home/dik/Desktop/Java/myREST/conf/Catalina/localhost/myREST.xml]
25-Oct-2024 07:34:10.356 INFO [main] org.apache.jasper.servlet.TldScanner.scanJars At least one JAR was scanned for TLDs yet contained no TLDs. Enable debug logging for this logger for a complete list of JARs that were scanned but no TLDs were found in them. Skipping unneeded JARs during scanning can improve startup time and JSP compilation time.
25-Oct-2024 07:34:10.390 INFO [main] org.apache.catalina.startup.HostConfig.deployDescriptor Deployment of deployment descriptor [/home/dik/Desktop/Java/myREST/conf/Catalina/localhost/myREST.xml] has finished in [589] ms
25-Oct-2024 07:34:10.393 INFO [main] org.apache.coyote.AbstractProtocol.start Starting ProtocolHandler ["http-nio-8080"]
25-Oct-2024 07:34:10.398 INFO [main] org.apache.catalina.startup.Catalina.start Server startup in [634] milliseconds
25-Oct-2024 07:52:51.216 INFO [Thread-1] org.apache.coyote.AbstractProtocol.pause Pausing ProtocolHandler ["http-nio-8080"]
25-Oct-2024 07:52:51.217 INFO [Thread-1] org.apache.catalina.core.StandardService.stopInternal Stopping service [Catalina]
25-Oct-2024 07:52:51.220 WARNING [Thread-1] org.apache.catalina.loader.WebappClassLoaderBase.clearReferencesJdbc The web application [myREST] registered the JDBC driver [org.postgresql.Driver] but failed to unregister it when the web application was stopped. To prevent a memory leak, the JDBC Driver has been forcibly unregistered.
25-Oct-2024 07:52:51.231 INFO [Thread-1] org.apache.coyote.AbstractProtocol.stop Stopping ProtocolHandler ["http-nio-8080"]
25-Oct-2024 07:52:51.239 INFO [Thread-1] org.apache.coyote.AbstractProtocol.destroy Destroying ProtocolHandler ["http-nio-8080"]
25-Oct-2024 07:56:47.307 INFO [main] org.apache.catalina.startup.VersionLoggerListener.log Server version name:   Apache Tomcat/9.0.93
25-Oct-2024 07:56:47.311 INFO [main] org.apache.catalina.startup.VersionLoggerListener.log Server built:          Aug 2 2024 21:24:59 UTC
25-Oct-2024 07:56:47.311 INFO [main] org.apache.catalina.startup.VersionLoggerListener.log Server version number: 9.0.93.0
25-Oct-2024 07:56:47.311 INFO [main] org.apache.catalina.startup.VersionLoggerListener.log OS Name:               Linux
25-Oct-2024 07:56:47.312 INFO [main] org.apache.catalina.startup.VersionLoggerListener.log OS Version:            6.8.0-47-generic
25-Oct-2024 07:56:47.312 INFO [main] org.apache.catalina.startup.VersionLoggerListener.log Architecture:          amd64
25-Oct-2024 07:56:47.312 INFO [main] org.apache.catalina.startup.VersionLoggerListener.log Java Home:             /usr/lib/jvm/java-21-openjdk-amd64
25-Oct-2024 07:56:47.312 INFO [main] org.apache.catalina.startup.VersionLoggerListener.log JVM Version:           21.0.4+7-Ubuntu-1ubuntu222.04
25-Oct-2024 07:56:47.312 INFO [main] org.apache.catalina.startup.VersionLoggerListener.log JVM Vendor:            Ubuntu
25-Oct-2024 07:56:47.312 INFO [main] org.apache.catalina.startup.VersionLoggerListener.log CATALINA_BASE:         /home/dik/Desktop/Java/myREST
25-Oct-2024 07:56:47.312 INFO [main] org.apache.catalina.startup.VersionLoggerListener.log CATALINA_HOME:         /home/dik/Desktop/Java/myREST/tomcat
25-Oct-2024 07:56:47.317 INFO [main] org.apache.catalina.startup.VersionLoggerListener.log Command line argument: --add-opens=java.base/java.lang=ALL-UNNAMED
25-Oct-2024 07:56:47.317 INFO [main] org.apache.catalina.startup.VersionLoggerListener.log Command line argument: --add-opens=java.base/java.io=ALL-UNNAMED
25-Oct-2024 07:56:47.317 INFO [main] org.apache.catalina.startup.VersionLoggerListener.log Command line argument: --add-opens=java.base/java.util=ALL-UNNAMED
25-Oct-2024 07:56:47.317 INFO [main] org.apache.catalina.startup.VersionLoggerListener.log Command line argument: --add-opens=java.base/java.util.concurrent=ALL-UNNAMED
25-Oct-2024 07:56:47.317 INFO [main] org.apache.catalina.startup.VersionLoggerListener.log Command line argument: --add-opens=java.rmi/sun.rmi.transport=ALL-UNNAMED
25-Oct-2024 07:56:47.317 INFO [main] org.apache.catalina.startup.VersionLoggerListener.log Command line argument: -Dcatalina.home=/home/dik/Desktop/Java/myREST/tomcat
25-Oct-2024 07:56:47.317 INFO [main] org.apache.catalina.startup.VersionLoggerListener.log Command line argument: -Dcatalina.base=/home/dik/Desktop/Java/myREST
25-Oct-2024 07:56:47.317 INFO [main] org.apache.catalina.startup.VersionLoggerListener.log Command line argument: -Djava.io.tmpdir=/home/dik/Desktop/Java/myREST/temp
25-Oct-2024 07:56:47.318 INFO [main] org.apache.catalina.startup.VersionLoggerListener.log Command line argument: -Djava.util.logging.config.file=/home/dik/Desktop/Java/myREST/conf/logging.properties
25-Oct-2024 07:56:47.319 INFO [main] org.apache.catalina.startup.VersionLoggerListener.log Command line argument: -Djava.util.logging.manager=org.apache.juli.ClassLoaderLogManager
25-Oct-2024 07:56:47.319 INFO [main] org.apache.catalina.startup.VersionLoggerListener.log Command line argument: -javaagent:/home/dik/Desktop/idea-IC-241.18034.62/lib/idea_rt.jar=34539:/home/dik/Desktop/idea-IC-241.18034.62/bin
25-Oct-2024 07:56:47.319 INFO [main] org.apache.catalina.startup.VersionLoggerListener.log Command line argument: -Dfile.encoding=UTF-8
25-Oct-2024 07:56:47.319 INFO [main] org.apache.catalina.startup.VersionLoggerListener.log Command line argument: -Dsun.stdout.encoding=UTF-8
25-Oct-2024 07:56:47.319 INFO [main] org.apache.catalina.startup.VersionLoggerListener.log Command line argument: -Dsun.stderr.encoding=UTF-8
25-Oct-2024 07:56:47.321 INFO [main] org.apache.catalina.core.AprLifecycleListener.lifecycleEvent The Apache Tomcat Native library which allows using OpenSSL was not found on the java.library.path: [/usr/java/packages/lib:/usr/lib/x86_64-linux-gnu/jni:/lib/x86_64-linux-gnu:/usr/lib/x86_64-linux-gnu:/usr/lib/jni:/lib:/usr/lib]
25-Oct-2024 07:56:47.600 INFO [main] org.apache.coyote.AbstractProtocol.init Initializing ProtocolHandler ["http-nio-8080"]
25-Oct-2024 07:56:47.615 INFO [main] org.apache.catalina.startup.Catalina.load Server initialization in [448] milliseconds
25-Oct-2024 07:56:47.645 INFO [main] org.apache.catalina.core.StandardService.startInternal Starting service [Catalina]
25-Oct-2024 07:56:47.645 INFO [main] org.apache.catalina.core.StandardEngine.startInternal Starting Servlet engine: [Apache Tomcat/9.0.93]
25-Oct-2024 07:56:47.650 INFO [main] org.apache.catalina.startup.HostConfig.deployDescriptor Deploying deployment descriptor [/home/dik/Desktop/Java/myREST/conf/Catalina/localhost/myREST.xml]
25-Oct-2024 07:56:48.209 INFO [main] org.apache.jasper.servlet.TldScanner.scanJars At least one JAR was scanned for TLDs yet contained no TLDs. Enable debug logging for this logger for a complete list of JARs that were scanned but no TLDs were found in them. Skipping unneeded JARs during scanning can improve startup time and JSP compilation time.
25-Oct-2024 07:56:48.241 INFO [main] org.apache.catalina.startup.HostConfig.deployDescriptor Deployment of deployment descriptor [/home/dik/Desktop/Java/myREST/conf/Catalina/localhost/myREST.xml] has finished in [591] ms
25-Oct-2024 07:56:48.244 INFO [main] org.apache.coyote.AbstractProtocol.start Starting ProtocolHandler ["http-nio-8080"]
25-Oct-2024 07:56:48.250 INFO [main] org.apache.catalina.startup.Catalina.start Server startup in [633] milliseconds
25-Oct-2024 07:58:17.457 INFO [Thread-1] org.apache.coyote.AbstractProtocol.pause Pausing ProtocolHandler ["http-nio-8080"]
25-Oct-2024 07:58:17.458 INFO [Thread-1] org.apache.catalina.core.StandardService.stopInternal Stopping service [Catalina]
25-Oct-2024 07:58:17.464 WARNING [Thread-1] org.apache.catalina.loader.WebappClassLoaderBase.clearReferencesJdbc The web application [myREST] registered the JDBC driver [org.postgresql.Driver] but failed to unregister it when the web application was stopped. To prevent a memory leak, the JDBC Driver has been forcibly unregistered.
25-Oct-2024 07:58:17.468 INFO [Thread-1] org.apache.coyote.AbstractProtocol.stop Stopping ProtocolHandler ["http-nio-8080"]
25-Oct-2024 07:58:17.480 INFO [Thread-1] org.apache.coyote.AbstractProtocol.destroy Destroying ProtocolHandler ["http-nio-8080"]
25-Oct-2024 08:34:06.516 INFO [main] org.apache.catalina.startup.VersionLoggerListener.log Server version name:   Apache Tomcat/9.0.93
25-Oct-2024 08:34:06.519 INFO [main] org.apache.catalina.startup.VersionLoggerListener.log Server built:          Aug 2 2024 21:24:59 UTC
25-Oct-2024 08:34:06.519 INFO [main] org.apache.catalina.startup.VersionLoggerListener.log Server version number: 9.0.93.0
25-Oct-2024 08:34:06.519 INFO [main] org.apache.catalina.startup.VersionLoggerListener.log OS Name:               Linux
25-Oct-2024 08:34:06.519 INFO [main] org.apache.catalina.startup.VersionLoggerListener.log OS Version:            6.8.0-47-generic
25-Oct-2024 08:34:06.519 INFO [main] org.apache.catalina.startup.VersionLoggerListener.log Architecture:          amd64
25-Oct-2024 08:34:06.519 INFO [main] org.apache.catalina.startup.VersionLoggerListener.log Java Home:             /usr/lib/jvm/java-21-openjdk-amd64
25-Oct-2024 08:34:06.519 INFO [main] org.apache.catalina.startup.VersionLoggerListener.log JVM Version:           21.0.4+7-Ubuntu-1ubuntu222.04
25-Oct-2024 08:34:06.519 INFO [main] org.apache.catalina.startup.VersionLoggerListener.log JVM Vendor:            Ubuntu
25-Oct-2024 08:34:06.519 INFO [main] org.apache.catalina.startup.VersionLoggerListener.log CATALINA_BASE:         /home/dik/Desktop/Java/myREST
25-Oct-2024 08:34:06.520 INFO [main] org.apache.catalina.startup.VersionLoggerListener.log CATALINA_HOME:         /home/dik/Desktop/Java/myREST/tomcat
25-Oct-2024 08:34:06.523 INFO [main] org.apache.catalina.startup.VersionLoggerListener.log Command line argument: --add-opens=java.base/java.lang=ALL-UNNAMED
25-Oct-2024 08:34:06.523 INFO [main] org.apache.catalina.startup.VersionLoggerListener.log Command line argument: --add-opens=java.base/java.io=ALL-UNNAMED
25-Oct-2024 08:34:06.524 INFO [main] org.apache.catalina.startup.VersionLoggerListener.log Command line argument: --add-opens=java.base/java.util=ALL-UNNAMED
25-Oct-2024 08:34:06.524 INFO [main] org.apache.catalina.startup.VersionLoggerListener.log Command line argument: --add-opens=java.base/java.util.concurrent=ALL-UNNAMED
25-Oct-2024 08:34:06.524 INFO [main] org.apache.catalina.startup.VersionLoggerListener.log Command line argument: --add-opens=java.rmi/sun.rmi.transport=ALL-UNNAMED
25-Oct-2024 08:34:06.524 INFO [main] org.apache.catalina.startup.VersionLoggerListener.log Command line argument: -Dcatalina.home=/home/dik/Desktop/Java/myREST/tomcat
25-Oct-2024 08:34:06.524 INFO [main] org.apache.catalina.startup.VersionLoggerListener.log Command line argument: -Dcatalina.base=/home/dik/Desktop/Java/myREST
25-Oct-2024 08:34:06.524 INFO [main] org.apache.catalina.startup.VersionLoggerListener.log Command line argument: -Djava.io.tmpdir=/home/dik/Desktop/Java/myREST/temp
25-Oct-2024 08:34:06.524 INFO [main] org.apache.catalina.startup.VersionLoggerListener.log Command line argument: -Djava.util.logging.config.file=/home/dik/Desktop/Java/myREST/conf/logging.properties
25-Oct-2024 08:34:06.524 INFO [main] org.apache.catalina.startup.VersionLoggerListener.log Command line argument: -Djava.util.logging.manager=org.apache.juli.ClassLoaderLogManager
25-Oct-2024 08:34:06.524 INFO [main] org.apache.catalina.startup.VersionLoggerListener.log Command line argument: -javaagent:/home/dik/Desktop/idea-IC-241.18034.62/lib/idea_rt.jar=43401:/home/dik/Desktop/idea-IC-241.18034.62/bin
25-Oct-2024 08:34:06.524 INFO [main] org.apache.catalina.startup.VersionLoggerListener.log Command line argument: -Dfile.encoding=UTF-8
25-Oct-2024 08:34:06.524 INFO [main] org.apache.catalina.startup.VersionLoggerListener.log Command line argument: -Dsun.stdout.encoding=UTF-8
25-Oct-2024 08:34:06.524 INFO [main] org.apache.catalina.startup.VersionLoggerListener.log Command line argument: -Dsun.stderr.encoding=UTF-8
25-Oct-2024 08:34:06.526 INFO [main] org.apache.catalina.core.AprLifecycleListener.lifecycleEvent The Apache Tomcat Native library which allows using OpenSSL was not found on the java.library.path: [/usr/java/packages/lib:/usr/lib/x86_64-linux-gnu/jni:/lib/x86_64-linux-gnu:/usr/lib/x86_64-linux-gnu:/usr/lib/jni:/lib:/usr/lib]
25-Oct-2024 08:34:06.749 INFO [main] org.apache.coyote.AbstractProtocol.init Initializing ProtocolHandler ["http-nio-8080"]
25-Oct-2024 08:34:06.766 INFO [main] org.apache.catalina.startup.Catalina.load Server initialization in [368] milliseconds
25-Oct-2024 08:34:06.794 INFO [main] org.apache.catalina.core.StandardService.startInternal Starting service [Catalina]
25-Oct-2024 08:34:06.794 INFO [main] org.apache.catalina.core.StandardEngine.startInternal Starting Servlet engine: [Apache Tomcat/9.0.93]
25-Oct-2024 08:34:06.799 INFO [main] org.apache.catalina.startup.HostConfig.deployDescriptor Deploying deployment descriptor [/home/dik/Desktop/Java/myREST/conf/Catalina/localhost/myREST.xml]
25-Oct-2024 08:34:07.314 INFO [main] org.apache.jasper.servlet.TldScanner.scanJars At least one JAR was scanned for TLDs yet contained no TLDs. Enable debug logging for this logger for a complete list of JARs that were scanned but no TLDs were found in them. Skipping unneeded JARs during scanning can improve startup time and JSP compilation time.
25-Oct-2024 08:34:07.344 INFO [main] org.apache.catalina.startup.HostConfig.deployDescriptor Deployment of deployment descriptor [/home/dik/Desktop/Java/myREST/conf/Catalina/localhost/myREST.xml] has finished in [545] ms
25-Oct-2024 08:34:07.346 INFO [main] org.apache.coyote.AbstractProtocol.start Starting ProtocolHandler ["http-nio-8080"]
25-Oct-2024 08:34:07.351 INFO [main] org.apache.catalina.startup.Catalina.start Server startup in [583] milliseconds
25-Oct-2024 09:20:44.906 INFO [Thread-1] org.apache.coyote.AbstractProtocol.pause Pausing ProtocolHandler ["http-nio-8080"]
25-Oct-2024 09:20:44.906 INFO [Thread-1] org.apache.catalina.core.StandardService.stopInternal Stopping service [Catalina]
25-Oct-2024 09:20:44.910 WARNING [Thread-1] org.apache.catalina.loader.WebappClassLoaderBase.clearReferencesJdbc The web application [myREST] registered the JDBC driver [org.postgresql.Driver] but failed to unregister it when the web application was stopped. To prevent a memory leak, the JDBC Driver has been forcibly unregistered.
25-Oct-2024 09:20:44.915 INFO [Thread-1] org.apache.coyote.AbstractProtocol.stop Stopping ProtocolHandler ["http-nio-8080"]
25-Oct-2024 09:20:44.917 INFO [Thread-1] org.apache.coyote.AbstractProtocol.destroy Destroying ProtocolHandler ["http-nio-8080"]
25-Oct-2024 09:22:47.683 INFO [main] org.apache.catalina.startup.VersionLoggerListener.log Server version name:   Apache Tomcat/9.0.93
25-Oct-2024 09:22:47.686 INFO [main] org.apache.catalina.startup.VersionLoggerListener.log Server built:          Aug 2 2024 21:24:59 UTC
25-Oct-2024 09:22:47.686 INFO [main] org.apache.catalina.startup.VersionLoggerListener.log Server version number: 9.0.93.0
25-Oct-2024 09:22:47.686 INFO [main] org.apache.catalina.startup.VersionLoggerListener.log OS Name:               Linux
25-Oct-2024 09:22:47.687 INFO [main] org.apache.catalina.startup.VersionLoggerListener.log OS Version:            6.8.0-47-generic
25-Oct-2024 09:22:47.687 INFO [main] org.apache.catalina.startup.VersionLoggerListener.log Architecture:          amd64
25-Oct-2024 09:22:47.687 INFO [main] org.apache.catalina.startup.VersionLoggerListener.log Java Home:             /usr/lib/jvm/java-21-openjdk-amd64
25-Oct-2024 09:22:47.687 INFO [main] org.apache.catalina.startup.VersionLoggerListener.log JVM Version:           21.0.4+7-Ubuntu-1ubuntu222.04
25-Oct-2024 09:22:47.687 INFO [main] org.apache.catalina.startup.VersionLoggerListener.log JVM Vendor:            Ubuntu
25-Oct-2024 09:22:47.687 INFO [main] org.apache.catalina.startup.VersionLoggerListener.log CATALINA_BASE:         /home/dik/Desktop/Java/myREST
25-Oct-2024 09:22:47.687 INFO [main] org.apache.catalina.startup.VersionLoggerListener.log CATALINA_HOME:         /home/dik/Desktop/Java/myREST/tomcat
25-Oct-2024 09:22:47.693 INFO [main] org.apache.catalina.startup.VersionLoggerListener.log Command line argument: --add-opens=java.base/java.lang=ALL-UNNAMED
25-Oct-2024 09:22:47.693 INFO [main] org.apache.catalina.startup.VersionLoggerListener.log Command line argument: --add-opens=java.base/java.io=ALL-UNNAMED
25-Oct-2024 09:22:47.693 INFO [main] org.apache.catalina.startup.VersionLoggerListener.log Command line argument: --add-opens=java.base/java.util=ALL-UNNAMED
25-Oct-2024 09:22:47.693 INFO [main] org.apache.catalina.startup.VersionLoggerListener.log Command line argument: --add-opens=java.base/java.util.concurrent=ALL-UNNAMED
25-Oct-2024 09:22:47.693 INFO [main] org.apache.catalina.startup.VersionLoggerListener.log Command line argument: --add-opens=java.rmi/sun.rmi.transport=ALL-UNNAMED
25-Oct-2024 09:22:47.693 INFO [main] org.apache.catalina.startup.VersionLoggerListener.log Command line argument: -Dcatalina.home=/home/dik/Desktop/Java/myREST/tomcat
25-Oct-2024 09:22:47.693 INFO [main] org.apache.catalina.startup.VersionLoggerListener.log Command line argument: -Dcatalina.base=/home/dik/Desktop/Java/myREST
25-Oct-2024 09:22:47.693 INFO [main] org.apache.catalina.startup.VersionLoggerListener.log Command line argument: -Djava.io.tmpdir=/home/dik/Desktop/Java/myREST/temp
25-Oct-2024 09:22:47.694 INFO [main] org.apache.catalina.startup.VersionLoggerListener.log Command line argument: -Djava.util.logging.config.file=/home/dik/Desktop/Java/myREST/conf/logging.properties
25-Oct-2024 09:22:47.694 INFO [main] org.apache.catalina.startup.VersionLoggerListener.log Command line argument: -Djava.util.logging.manager=org.apache.juli.ClassLoaderLogManager
25-Oct-2024 09:22:47.694 INFO [main] org.apache.catalina.startup.VersionLoggerListener.log Command line argument: -javaagent:/home/dik/Desktop/idea-IC-241.18034.62/lib/idea_rt.jar=35099:/home/dik/Desktop/idea-IC-241.18034.62/bin
25-Oct-2024 09:22:47.694 INFO [main] org.apache.catalina.startup.VersionLoggerListener.log Command line argument: -Dfile.encoding=UTF-8
25-Oct-2024 09:22:47.694 INFO [main] org.apache.catalina.startup.VersionLoggerListener.log Command line argument: -Dsun.stdout.encoding=UTF-8
25-Oct-2024 09:22:47.694 INFO [main] org.apache.catalina.startup.VersionLoggerListener.log Command line argument: -Dsun.stderr.encoding=UTF-8
25-Oct-2024 09:22:47.697 INFO [main] org.apache.catalina.core.AprLifecycleListener.lifecycleEvent The Apache Tomcat Native library which allows using OpenSSL was not found on the java.library.path: [/usr/java/packages/lib:/usr/lib/x86_64-linux-gnu/jni:/lib/x86_64-linux-gnu:/usr/lib/x86_64-linux-gnu:/usr/lib/jni:/lib:/usr/lib]
25-Oct-2024 09:22:48.010 INFO [main] org.apache.coyote.AbstractProtocol.init Initializing ProtocolHandler ["http-nio-8080"]
25-Oct-2024 09:22:48.028 INFO [main] org.apache.catalina.startup.Catalina.load Server initialization in [498] milliseconds
25-Oct-2024 09:22:48.063 INFO [main] org.apache.catalina.core.StandardService.startInternal Starting service [Catalina]
25-Oct-2024 09:22:48.063 INFO [main] org.apache.catalina.core.StandardEngine.startInternal Starting Servlet engine: [Apache Tomcat/9.0.93]
25-Oct-2024 09:22:48.069 INFO [main] org.apache.catalina.startup.HostConfig.deployDescriptor Deploying deployment descriptor [/home/dik/Desktop/Java/myREST/conf/Catalina/localhost/myREST.xml]
25-Oct-2024 09:22:48.589 INFO [main] org.apache.jasper.servlet.TldScanner.scanJars At least one JAR was scanned for TLDs yet contained no TLDs. Enable debug logging for this logger for a complete list of JARs that were scanned but no TLDs were found in them. Skipping unneeded JARs during scanning can improve startup time and JSP compilation time.
25-Oct-2024 09:22:48.618 INFO [main] org.apache.catalina.startup.HostConfig.deployDescriptor Deployment of deployment descriptor [/home/dik/Desktop/Java/myREST/conf/Catalina/localhost/myREST.xml] has finished in [549] ms
25-Oct-2024 09:22:48.620 INFO [main] org.apache.coyote.AbstractProtocol.start Starting ProtocolHandler ["http-nio-8080"]
25-Oct-2024 09:22:48.625 INFO [main] org.apache.catalina.startup.Catalina.start Server startup in [596] milliseconds
25-Oct-2024 09:23:37.353 INFO [Thread-1] org.apache.coyote.AbstractProtocol.pause Pausing ProtocolHandler ["http-nio-8080"]
25-Oct-2024 09:23:37.357 INFO [Thread-1] org.apache.catalina.core.StandardService.stopInternal Stopping service [Catalina]
25-Oct-2024 09:23:37.361 WARNING [Thread-1] org.apache.catalina.loader.WebappClassLoaderBase.clearReferencesJdbc The web application [myREST] registered the JDBC driver [org.postgresql.Driver] but failed to unregister it when the web application was stopped. To prevent a memory leak, the JDBC Driver has been forcibly unregistered.
25-Oct-2024 09:23:37.364 INFO [Thread-1] org.apache.coyote.AbstractProtocol.stop Stopping ProtocolHandler ["http-nio-8080"]
25-Oct-2024 09:23:37.366 INFO [Thread-1] org.apache.coyote.AbstractProtocol.destroy Destroying ProtocolHandler ["http-nio-8080"]
25-Oct-2024 09:23:39.135 INFO [main] org.apache.catalina.startup.VersionLoggerListener.log Server version name:   Apache Tomcat/9.0.93
25-Oct-2024 09:23:39.138 INFO [main] org.apache.catalina.startup.VersionLoggerListener.log Server built:          Aug 2 2024 21:24:59 UTC
25-Oct-2024 09:23:39.138 INFO [main] org.apache.catalina.startup.VersionLoggerListener.log Server version number: 9.0.93.0
25-Oct-2024 09:23:39.138 INFO [main] org.apache.catalina.startup.VersionLoggerListener.log OS Name:               Linux
25-Oct-2024 09:23:39.138 INFO [main] org.apache.catalina.startup.VersionLoggerListener.log OS Version:            6.8.0-47-generic
25-Oct-2024 09:23:39.138 INFO [main] org.apache.catalina.startup.VersionLoggerListener.log Architecture:          amd64
25-Oct-2024 09:23:39.138 INFO [main] org.apache.catalina.startup.VersionLoggerListener.log Java Home:             /usr/lib/jvm/java-21-openjdk-amd64
25-Oct-2024 09:23:39.138 INFO [main] org.apache.catalina.startup.VersionLoggerListener.log JVM Version:           21.0.4+7-Ubuntu-1ubuntu222.04
25-Oct-2024 09:23:39.138 INFO [main] org.apache.catalina.startup.VersionLoggerListener.log JVM Vendor:            Ubuntu
25-Oct-2024 09:23:39.139 INFO [main] org.apache.catalina.startup.VersionLoggerListener.log CATALINA_BASE:         /home/dik/Desktop/Java/myREST
25-Oct-2024 09:23:39.139 INFO [main] org.apache.catalina.startup.VersionLoggerListener.log CATALINA_HOME:         /home/dik/Desktop/Java/myREST/tomcat
25-Oct-2024 09:23:39.145 INFO [main] org.apache.catalina.startup.VersionLoggerListener.log Command line argument: --add-opens=java.base/java.lang=ALL-UNNAMED
25-Oct-2024 09:23:39.145 INFO [main] org.apache.catalina.startup.VersionLoggerListener.log Command line argument: --add-opens=java.base/java.io=ALL-UNNAMED
25-Oct-2024 09:23:39.145 INFO [main] org.apache.catalina.startup.VersionLoggerListener.log Command line argument: --add-opens=java.base/java.util=ALL-UNNAMED
25-Oct-2024 09:23:39.145 INFO [main] org.apache.catalina.startup.VersionLoggerListener.log Command line argument: --add-opens=java.base/java.util.concurrent=ALL-UNNAMED
25-Oct-2024 09:23:39.145 INFO [main] org.apache.catalina.startup.VersionLoggerListener.log Command line argument: --add-opens=java.rmi/sun.rmi.transport=ALL-UNNAMED
25-Oct-2024 09:23:39.146 INFO [main] org.apache.catalina.startup.VersionLoggerListener.log Command line argument: -Dcatalina.home=/home/dik/Desktop/Java/myREST/tomcat
25-Oct-2024 09:23:39.146 INFO [main] org.apache.catalina.startup.VersionLoggerListener.log Command line argument: -Dcatalina.base=/home/dik/Desktop/Java/myREST
25-Oct-2024 09:23:39.146 INFO [main] org.apache.catalina.startup.VersionLoggerListener.log Command line argument: -Djava.io.tmpdir=/home/dik/Desktop/Java/myREST/temp
25-Oct-2024 09:23:39.146 INFO [main] org.apache.catalina.startup.VersionLoggerListener.log Command line argument: -Djava.util.logging.config.file=/home/dik/Desktop/Java/myREST/conf/logging.properties
25-Oct-2024 09:23:39.146 INFO [main] org.apache.catalina.startup.VersionLoggerListener.log Command line argument: -Djava.util.logging.manager=org.apache.juli.ClassLoaderLogManager
25-Oct-2024 09:23:39.146 INFO [main] org.apache.catalina.startup.VersionLoggerListener.log Command line argument: -javaagent:/home/dik/Desktop/idea-IC-241.18034.62/lib/idea_rt.jar=35831:/home/dik/Desktop/idea-IC-241.18034.62/bin
25-Oct-2024 09:23:39.146 INFO [main] org.apache.catalina.startup.VersionLoggerListener.log Command line argument: -Dfile.encoding=UTF-8
25-Oct-2024 09:23:39.146 INFO [main] org.apache.catalina.startup.VersionLoggerListener.log Command line argument: -Dsun.stdout.encoding=UTF-8
25-Oct-2024 09:23:39.146 INFO [main] org.apache.catalina.startup.VersionLoggerListener.log Command line argument: -Dsun.stderr.encoding=UTF-8
25-Oct-2024 09:23:39.148 INFO [main] org.apache.catalina.core.AprLifecycleListener.lifecycleEvent The Apache Tomcat Native library which allows using OpenSSL was not found on the java.library.path: [/usr/java/packages/lib:/usr/lib/x86_64-linux-gnu/jni:/lib/x86_64-linux-gnu:/usr/lib/x86_64-linux-gnu:/usr/lib/jni:/lib:/usr/lib]
25-Oct-2024 09:23:39.441 INFO [main] org.apache.coyote.AbstractProtocol.init Initializing ProtocolHandler ["http-nio-8080"]
25-Oct-2024 09:23:39.459 INFO [main] org.apache.catalina.startup.Catalina.load Server initialization in [464] milliseconds
25-Oct-2024 09:23:39.493 INFO [main] org.apache.catalina.core.StandardService.startInternal Starting service [Catalina]
25-Oct-2024 09:23:39.494 INFO [main] org.apache.catalina.core.StandardEngine.startInternal Starting Servlet engine: [Apache Tomcat/9.0.93]
25-Oct-2024 09:23:39.500 INFO [main] org.apache.catalina.startup.HostConfig.deployDescriptor Deploying deployment descriptor [/home/dik/Desktop/Java/myREST/conf/Catalina/localhost/myREST.xml]
25-Oct-2024 09:23:40.085 INFO [main] org.apache.jasper.servlet.TldScanner.scanJars At least one JAR was scanned for TLDs yet contained no TLDs. Enable debug logging for this logger for a complete list of JARs that were scanned but no TLDs were found in them. Skipping unneeded JARs during scanning can improve startup time and JSP compilation time.
25-Oct-2024 09:23:40.113 INFO [main] org.apache.catalina.startup.HostConfig.deployDescriptor Deployment of deployment descriptor [/home/dik/Desktop/Java/myREST/conf/Catalina/localhost/myREST.xml] has finished in [613] ms
25-Oct-2024 09:23:40.115 INFO [main] org.apache.coyote.AbstractProtocol.start Starting ProtocolHandler ["http-nio-8080"]
25-Oct-2024 09:23:40.121 INFO [main] org.apache.catalina.startup.Catalina.start Server startup in [661] milliseconds
25-Oct-2024 10:08:35.341 INFO [Thread-1] org.apache.coyote.AbstractProtocol.pause Pausing ProtocolHandler ["http-nio-8080"]
25-Oct-2024 10:08:35.343 INFO [Thread-1] org.apache.catalina.core.StandardService.stopInternal Stopping service [Catalina]
25-Oct-2024 10:08:35.349 INFO [Thread-1] org.apache.coyote.AbstractProtocol.stop Stopping ProtocolHandler ["http-nio-8080"]
25-Oct-2024 10:08:35.350 INFO [Thread-1] org.apache.coyote.AbstractProtocol.destroy Destroying ProtocolHandler ["http-nio-8080"]
25-Oct-2024 10:17:57.880 INFO [main] org.apache.catalina.startup.VersionLoggerListener.log Server version name:   Apache Tomcat/9.0.93
25-Oct-2024 10:17:57.883 INFO [main] org.apache.catalina.startup.VersionLoggerListener.log Server built:          Aug 2 2024 21:24:59 UTC
25-Oct-2024 10:17:57.883 INFO [main] org.apache.catalina.startup.VersionLoggerListener.log Server version number: 9.0.93.0
25-Oct-2024 10:17:57.883 INFO [main] org.apache.catalina.startup.VersionLoggerListener.log OS Name:               Linux
25-Oct-2024 10:17:57.883 INFO [main] org.apache.catalina.startup.VersionLoggerListener.log OS Version:            6.8.0-47-generic
25-Oct-2024 10:17:57.883 INFO [main] org.apache.catalina.startup.VersionLoggerListener.log Architecture:          amd64
25-Oct-2024 10:17:57.883 INFO [main] org.apache.catalina.startup.VersionLoggerListener.log Java Home:             /usr/lib/jvm/java-21-openjdk-amd64
25-Oct-2024 10:17:57.883 INFO [main] org.apache.catalina.startup.VersionLoggerListener.log JVM Version:           21.0.4+7-Ubuntu-1ubuntu222.04
25-Oct-2024 10:17:57.883 INFO [main] org.apache.catalina.startup.VersionLoggerListener.log JVM Vendor:            Ubuntu
25-Oct-2024 10:17:57.883 INFO [main] org.apache.catalina.startup.VersionLoggerListener.log CATALINA_BASE:         /home/dik/Desktop/Java/myREST
25-Oct-2024 10:17:57.883 INFO [main] org.apache.catalina.startup.VersionLoggerListener.log CATALINA_HOME:         /home/dik/Desktop/Java/myREST/tomcat
25-Oct-2024 10:17:57.887 INFO [main] org.apache.catalina.startup.VersionLoggerListener.log Command line argument: --add-opens=java.base/java.lang=ALL-UNNAMED
25-Oct-2024 10:17:57.887 INFO [main] org.apache.catalina.startup.VersionLoggerListener.log Command line argument: --add-opens=java.base/java.io=ALL-UNNAMED
25-Oct-2024 10:17:57.887 INFO [main] org.apache.catalina.startup.VersionLoggerListener.log Command line argument: --add-opens=java.base/java.util=ALL-UNNAMED
25-Oct-2024 10:17:57.887 INFO [main] org.apache.catalina.startup.VersionLoggerListener.log Command line argument: --add-opens=java.base/java.util.concurrent=ALL-UNNAMED
25-Oct-2024 10:17:57.887 INFO [main] org.apache.catalina.startup.VersionLoggerListener.log Command line argument: --add-opens=java.rmi/sun.rmi.transport=ALL-UNNAMED
25-Oct-2024 10:17:57.887 INFO [main] org.apache.catalina.startup.VersionLoggerListener.log Command line argument: -Dcatalina.home=/home/dik/Desktop/Java/myREST/tomcat
25-Oct-2024 10:17:57.888 INFO [main] org.apache.catalina.startup.VersionLoggerListener.log Command line argument: -Dcatalina.base=/home/dik/Desktop/Java/myREST
25-Oct-2024 10:17:57.888 INFO [main] org.apache.catalina.startup.VersionLoggerListener.log Command line argument: -Djava.io.tmpdir=/home/dik/Desktop/Java/myREST/temp
25-Oct-2024 10:17:57.888 INFO [main] org.apache.catalina.startup.VersionLoggerListener.log Command line argument: -Djava.util.logging.config.file=/home/dik/Desktop/Java/myREST/conf/logging.properties
25-Oct-2024 10:17:57.888 INFO [main] org.apache.catalina.startup.VersionLoggerListener.log Command line argument: -Djava.util.logging.manager=org.apache.juli.ClassLoaderLogManager
25-Oct-2024 10:17:57.888 INFO [main] org.apache.catalina.startup.VersionLoggerListener.log Command line argument: -javaagent:/home/dik/Desktop/idea-IC-241.18034.62/lib/idea_rt.jar=46417:/home/dik/Desktop/idea-IC-241.18034.62/bin
25-Oct-2024 10:17:57.888 INFO [main] org.apache.catalina.startup.VersionLoggerListener.log Command line argument: -Dfile.encoding=UTF-8
25-Oct-2024 10:17:57.888 INFO [main] org.apache.catalina.startup.VersionLoggerListener.log Command line argument: -Dsun.stdout.encoding=UTF-8
25-Oct-2024 10:17:57.888 INFO [main] org.apache.catalina.startup.VersionLoggerListener.log Command line argument: -Dsun.stderr.encoding=UTF-8
25-Oct-2024 10:17:57.890 INFO [main] org.apache.catalina.core.AprLifecycleListener.lifecycleEvent The Apache Tomcat Native library which allows using OpenSSL was not found on the java.library.path: [/usr/java/packages/lib:/usr/lib/x86_64-linux-gnu/jni:/lib/x86_64-linux-gnu:/usr/lib/x86_64-linux-gnu:/usr/lib/jni:/lib:/usr/lib]
25-Oct-2024 10:17:58.134 INFO [main] org.apache.coyote.AbstractProtocol.init Initializing ProtocolHandler ["http-nio-8080"]
25-Oct-2024 10:17:58.148 INFO [main] org.apache.catalina.startup.Catalina.load Server initialization in [371] milliseconds
25-Oct-2024 10:17:58.182 INFO [main] org.apache.catalina.core.StandardService.startInternal Starting service [Catalina]
25-Oct-2024 10:17:58.182 INFO [main] org.apache.catalina.core.StandardEngine.startInternal Starting Servlet engine: [Apache Tomcat/9.0.93]
25-Oct-2024 10:17:58.187 INFO [main] org.apache.catalina.startup.HostConfig.deployDescriptor Deploying deployment descriptor [/home/dik/Desktop/Java/myREST/conf/Catalina/localhost/myREST.xml]
25-Oct-2024 10:17:58.637 INFO [main] org.apache.jasper.servlet.TldScanner.scanJars At least one JAR was scanned for TLDs yet contained no TLDs. Enable debug logging for this logger for a complete list of JARs that were scanned but no TLDs were found in them. Skipping unneeded JARs during scanning can improve startup time and JSP compilation time.
25-Oct-2024 10:17:58.667 INFO [main] org.apache.catalina.startup.HostConfig.deployDescriptor Deployment of deployment descriptor [/home/dik/Desktop/Java/myREST/conf/Catalina/localhost/myREST.xml] has finished in [480] ms
25-Oct-2024 10:17:58.670 INFO [main] org.apache.coyote.AbstractProtocol.start Starting ProtocolHandler ["http-nio-8080"]
25-Oct-2024 10:17:58.675 INFO [main] org.apache.catalina.startup.Catalina.start Server startup in [526] milliseconds
25-Oct-2024 10:17:59.874 INFO [Thread-1] org.apache.coyote.AbstractProtocol.pause Pausing ProtocolHandler ["http-nio-8080"]
25-Oct-2024 10:17:59.875 INFO [Thread-1] org.apache.catalina.core.StandardService.stopInternal Stopping service [Catalina]
25-Oct-2024 10:17:59.882 INFO [Thread-1] org.apache.coyote.AbstractProtocol.stop Stopping ProtocolHandler ["http-nio-8080"]
25-Oct-2024 10:17:59.884 INFO [Thread-1] org.apache.coyote.AbstractProtocol.destroy Destroying ProtocolHandler ["http-nio-8080"]
25-Oct-2024 10:23:26.088 INFO [main] org.apache.catalina.startup.VersionLoggerListener.log Server version name:   Apache Tomcat/9.0.93
25-Oct-2024 10:23:26.091 INFO [main] org.apache.catalina.startup.VersionLoggerListener.log Server built:          Aug 2 2024 21:24:59 UTC
25-Oct-2024 10:23:26.092 INFO [main] org.apache.catalina.startup.VersionLoggerListener.log Server version number: 9.0.93.0
25-Oct-2024 10:23:26.092 INFO [main] org.apache.catalina.startup.VersionLoggerListener.log OS Name:               Linux
25-Oct-2024 10:23:26.092 INFO [main] org.apache.catalina.startup.VersionLoggerListener.log OS Version:            6.8.0-47-generic
25-Oct-2024 10:23:26.092 INFO [main] org.apache.catalina.startup.VersionLoggerListener.log Architecture:          amd64
25-Oct-2024 10:23:26.092 INFO [main] org.apache.catalina.startup.VersionLoggerListener.log Java Home:             /usr/lib/jvm/java-21-openjdk-amd64
25-Oct-2024 10:23:26.092 INFO [main] org.apache.catalina.startup.VersionLoggerListener.log JVM Version:           21.0.4+7-Ubuntu-1ubuntu222.04
25-Oct-2024 10:23:26.092 INFO [main] org.apache.catalina.startup.VersionLoggerListener.log JVM Vendor:            Ubuntu
25-Oct-2024 10:23:26.092 INFO [main] org.apache.catalina.startup.VersionLoggerListener.log CATALINA_BASE:         /home/dik/Desktop/Java/myREST
25-Oct-2024 10:23:26.092 INFO [main] org.apache.catalina.startup.VersionLoggerListener.log CATALINA_HOME:         /home/dik/Desktop/Java/myREST/tomcat
25-Oct-2024 10:23:26.097 INFO [main] org.apache.catalina.startup.VersionLoggerListener.log Command line argument: --add-opens=java.base/java.lang=ALL-UNNAMED
25-Oct-2024 10:23:26.097 INFO [main] org.apache.catalina.startup.VersionLoggerListener.log Command line argument: --add-opens=java.base/java.io=ALL-UNNAMED
25-Oct-2024 10:23:26.097 INFO [main] org.apache.catalina.startup.VersionLoggerListener.log Command line argument: --add-opens=java.base/java.util=ALL-UNNAMED
25-Oct-2024 10:23:26.097 INFO [main] org.apache.catalina.startup.VersionLoggerListener.log Command line argument: --add-opens=java.base/java.util.concurrent=ALL-UNNAMED
25-Oct-2024 10:23:26.097 INFO [main] org.apache.catalina.startup.VersionLoggerListener.log Command line argument: --add-opens=java.rmi/sun.rmi.transport=ALL-UNNAMED
25-Oct-2024 10:23:26.097 INFO [main] org.apache.catalina.startup.VersionLoggerListener.log Command line argument: -Dcatalina.home=/home/dik/Desktop/Java/myREST/tomcat
25-Oct-2024 10:23:26.097 INFO [main] org.apache.catalina.startup.VersionLoggerListener.log Command line argument: -Dcatalina.base=/home/dik/Desktop/Java/myREST
25-Oct-2024 10:23:26.098 INFO [main] org.apache.catalina.startup.VersionLoggerListener.log Command line argument: -Djava.io.tmpdir=/home/dik/Desktop/Java/myREST/temp
25-Oct-2024 10:23:26.098 INFO [main] org.apache.catalina.startup.VersionLoggerListener.log Command line argument: -Djava.util.logging.config.file=/home/dik/Desktop/Java/myREST/conf/logging.properties
25-Oct-2024 10:23:26.098 INFO [main] org.apache.catalina.startup.VersionLoggerListener.log Command line argument: -Djava.util.logging.manager=org.apache.juli.ClassLoaderLogManager
25-Oct-2024 10:23:26.098 INFO [main] org.apache.catalina.startup.VersionLoggerListener.log Command line argument: -javaagent:/home/dik/Desktop/idea-IC-241.18034.62/lib/idea_rt.jar=35045:/home/dik/Desktop/idea-IC-241.18034.62/bin
25-Oct-2024 10:23:26.098 INFO [main] org.apache.catalina.startup.VersionLoggerListener.log Command line argument: -Dfile.encoding=UTF-8
25-Oct-2024 10:23:26.098 INFO [main] org.apache.catalina.startup.VersionLoggerListener.log Command line argument: -Dsun.stdout.encoding=UTF-8
25-Oct-2024 10:23:26.098 INFO [main] org.apache.catalina.startup.VersionLoggerListener.log Command line argument: -Dsun.stderr.encoding=UTF-8
25-Oct-2024 10:23:26.099 INFO [main] org.apache.catalina.core.AprLifecycleListener.lifecycleEvent The Apache Tomcat Native library which allows using OpenSSL was not found on the java.library.path: [/usr/java/packages/lib:/usr/lib/x86_64-linux-gnu/jni:/lib/x86_64-linux-gnu:/usr/lib/x86_64-linux-gnu:/usr/lib/jni:/lib:/usr/lib]
25-Oct-2024 10:23:26.359 INFO [main] org.apache.coyote.AbstractProtocol.init Initializing ProtocolHandler ["http-nio-8080"]
25-Oct-2024 10:23:26.372 INFO [main] org.apache.catalina.startup.Catalina.load Server initialization in [411] milliseconds
25-Oct-2024 10:23:26.403 INFO [main] org.apache.catalina.core.StandardService.startInternal Starting service [Catalina]
25-Oct-2024 10:23:26.403 INFO [main] org.apache.catalina.core.StandardEngine.startInternal Starting Servlet engine: [Apache Tomcat/9.0.93]
25-Oct-2024 10:23:26.409 INFO [main] org.apache.catalina.startup.HostConfig.deployDescriptor Deploying deployment descriptor [/home/dik/Desktop/Java/myREST/conf/Catalina/localhost/myREST.xml]
25-Oct-2024 10:23:26.958 INFO [main] org.apache.jasper.servlet.TldScanner.scanJars At least one JAR was scanned for TLDs yet contained no TLDs. Enable debug logging for this logger for a complete list of JARs that were scanned but no TLDs were found in them. Skipping unneeded JARs during scanning can improve startup time and JSP compilation time.
25-Oct-2024 10:23:26.987 INFO [main] org.apache.catalina.startup.HostConfig.deployDescriptor Deployment of deployment descriptor [/home/dik/Desktop/Java/myREST/conf/Catalina/localhost/myREST.xml] has finished in [577] ms
25-Oct-2024 10:23:26.989 INFO [main] org.apache.coyote.AbstractProtocol.start Starting ProtocolHandler ["http-nio-8080"]
25-Oct-2024 10:23:26.994 INFO [main] org.apache.catalina.startup.Catalina.start Server startup in [621] milliseconds
25-Oct-2024 10:25:22.638 INFO [Thread-1] org.apache.coyote.AbstractProtocol.pause Pausing ProtocolHandler ["http-nio-8080"]
25-Oct-2024 10:25:22.639 INFO [Thread-1] org.apache.catalina.core.StandardService.stopInternal Stopping service [Catalina]
25-Oct-2024 10:25:22.643 WARNING [Thread-1] org.apache.catalina.loader.WebappClassLoaderBase.clearReferencesJdbc The web application [myREST] registered the JDBC driver [org.postgresql.Driver] but failed to unregister it when the web application was stopped. To prevent a memory leak, the JDBC Driver has been forcibly unregistered.
25-Oct-2024 10:25:22.646 INFO [Thread-1] org.apache.coyote.AbstractProtocol.stop Stopping ProtocolHandler ["http-nio-8080"]
25-Oct-2024 10:25:22.648 INFO [Thread-1] org.apache.coyote.AbstractProtocol.destroy Destroying ProtocolHandler ["http-nio-8080"]
25-Oct-2024 10:50:22.035 INFO [main] org.apache.catalina.startup.VersionLoggerListener.log Server version name:   Apache Tomcat/9.0.93
25-Oct-2024 10:50:22.038 INFO [main] org.apache.catalina.startup.VersionLoggerListener.log Server built:          Aug 2 2024 21:24:59 UTC
25-Oct-2024 10:50:22.038 INFO [main] org.apache.catalina.startup.VersionLoggerListener.log Server version number: 9.0.93.0
25-Oct-2024 10:50:22.038 INFO [main] org.apache.catalina.startup.VersionLoggerListener.log OS Name:               Linux
25-Oct-2024 10:50:22.038 INFO [main] org.apache.catalina.startup.VersionLoggerListener.log OS Version:            6.8.0-47-generic
25-Oct-2024 10:50:22.038 INFO [main] org.apache.catalina.startup.VersionLoggerListener.log Architecture:          amd64
25-Oct-2024 10:50:22.038 INFO [main] org.apache.catalina.startup.VersionLoggerListener.log Java Home:             /usr/lib/jvm/java-21-openjdk-amd64
25-Oct-2024 10:50:22.038 INFO [main] org.apache.catalina.startup.VersionLoggerListener.log JVM Version:           21.0.4+7-Ubuntu-1ubuntu222.04
25-Oct-2024 10:50:22.038 INFO [main] org.apache.catalina.startup.VersionLoggerListener.log JVM Vendor:            Ubuntu
25-Oct-2024 10:50:22.038 INFO [main] org.apache.catalina.startup.VersionLoggerListener.log CATALINA_BASE:         /home/dik/Desktop/Java/myREST
25-Oct-2024 10:50:22.038 INFO [main] org.apache.catalina.startup.VersionLoggerListener.log CATALINA_HOME:         /home/dik/Desktop/Java/myREST/tomcat
25-Oct-2024 10:50:22.043 INFO [main] org.apache.catalina.startup.VersionLoggerListener.log Command line argument: --add-opens=java.base/java.lang=ALL-UNNAMED
25-Oct-2024 10:50:22.043 INFO [main] org.apache.catalina.startup.VersionLoggerListener.log Command line argument: --add-opens=java.base/java.io=ALL-UNNAMED
25-Oct-2024 10:50:22.043 INFO [main] org.apache.catalina.startup.VersionLoggerListener.log Command line argument: --add-opens=java.base/java.util=ALL-UNNAMED
25-Oct-2024 10:50:22.044 INFO [main] org.apache.catalina.startup.VersionLoggerListener.log Command line argument: --add-opens=java.base/java.util.concurrent=ALL-UNNAMED
25-Oct-2024 10:50:22.044 INFO [main] org.apache.catalina.startup.VersionLoggerListener.log Command line argument: --add-opens=java.rmi/sun.rmi.transport=ALL-UNNAMED
25-Oct-2024 10:50:22.044 INFO [main] org.apache.catalina.startup.VersionLoggerListener.log Command line argument: -Dcatalina.home=/home/dik/Desktop/Java/myREST/tomcat
25-Oct-2024 10:50:22.044 INFO [main] org.apache.catalina.startup.VersionLoggerListener.log Command line argument: -Dcatalina.base=/home/dik/Desktop/Java/myREST
25-Oct-2024 10:50:22.044 INFO [main] org.apache.catalina.startup.VersionLoggerListener.log Command line argument: -Djava.io.tmpdir=/home/dik/Desktop/Java/myREST/temp
25-Oct-2024 10:50:22.044 INFO [main] org.apache.catalina.startup.VersionLoggerListener.log Command line argument: -Djava.util.logging.config.file=/home/dik/Desktop/Java/myREST/conf/logging.properties
25-Oct-2024 10:50:22.044 INFO [main] org.apache.catalina.startup.VersionLoggerListener.log Command line argument: -Djava.util.logging.manager=org.apache.juli.ClassLoaderLogManager
25-Oct-2024 10:50:22.044 INFO [main] org.apache.catalina.startup.VersionLoggerListener.log Command line argument: -javaagent:/home/dik/Desktop/idea-IC-241.18034.62/lib/idea_rt.jar=43825:/home/dik/Desktop/idea-IC-241.18034.62/bin
25-Oct-2024 10:50:22.044 INFO [main] org.apache.catalina.startup.VersionLoggerListener.log Command line argument: -Dfile.encoding=UTF-8
25-Oct-2024 10:50:22.044 INFO [main] org.apache.catalina.startup.VersionLoggerListener.log Command line argument: -Dsun.stdout.encoding=UTF-8
25-Oct-2024 10:50:22.044 INFO [main] org.apache.catalina.startup.VersionLoggerListener.log Command line argument: -Dsun.stderr.encoding=UTF-8
25-Oct-2024 10:50:22.045 INFO [main] org.apache.catalina.core.AprLifecycleListener.lifecycleEvent The Apache Tomcat Native library which allows using OpenSSL was not found on the java.library.path: [/usr/java/packages/lib:/usr/lib/x86_64-linux-gnu/jni:/lib/x86_64-linux-gnu:/usr/lib/x86_64-linux-gnu:/usr/lib/jni:/lib:/usr/lib]
25-Oct-2024 10:50:22.327 INFO [main] org.apache.coyote.AbstractProtocol.init Initializing ProtocolHandler ["http-nio-8080"]
25-Oct-2024 10:50:22.345 INFO [main] org.apache.catalina.startup.Catalina.load Server initialization in [450] milliseconds
25-Oct-2024 10:50:22.379 INFO [main] org.apache.catalina.core.StandardService.startInternal Starting service [Catalina]
25-Oct-2024 10:50:22.379 INFO [main] org.apache.catalina.core.StandardEngine.startInternal Starting Servlet engine: [Apache Tomcat/9.0.93]
25-Oct-2024 10:50:22.385 INFO [main] org.apache.catalina.startup.HostConfig.deployDescriptor Deploying deployment descriptor [/home/dik/Desktop/Java/myREST/conf/Catalina/localhost/myREST.xml]
25-Oct-2024 10:50:22.889 INFO [main] org.apache.jasper.servlet.TldScanner.scanJars At least one JAR was scanned for TLDs yet contained no TLDs. Enable debug logging for this logger for a complete list of JARs that were scanned but no TLDs were found in them. Skipping unneeded JARs during scanning can improve startup time and JSP compilation time.
25-Oct-2024 10:50:22.917 INFO [main] org.apache.catalina.startup.HostConfig.deployDescriptor Deployment of deployment descriptor [/home/dik/Desktop/Java/myREST/conf/Catalina/localhost/myREST.xml] has finished in [532] ms
25-Oct-2024 10:50:22.920 INFO [main] org.apache.coyote.AbstractProtocol.start Starting ProtocolHandler ["http-nio-8080"]
25-Oct-2024 10:50:22.925 INFO [main] org.apache.catalina.startup.Catalina.start Server startup in [578] milliseconds
25-Oct-2024 11:15:26.039 INFO [Thread-1] org.apache.coyote.AbstractProtocol.pause Pausing ProtocolHandler ["http-nio-8080"]
25-Oct-2024 11:15:26.041 INFO [Thread-1] org.apache.catalina.core.StandardService.stopInternal Stopping service [Catalina]
25-Oct-2024 11:15:26.045 WARNING [Thread-1] org.apache.catalina.loader.WebappClassLoaderBase.clearReferencesJdbc The web application [myREST] registered the JDBC driver [org.postgresql.Driver] but failed to unregister it when the web application was stopped. To prevent a memory leak, the JDBC Driver has been forcibly unregistered.
25-Oct-2024 11:15:26.050 INFO [Thread-1] org.apache.coyote.AbstractProtocol.stop Stopping ProtocolHandler ["http-nio-8080"]
25-Oct-2024 11:15:26.053 INFO [Thread-1] org.apache.coyote.AbstractProtocol.destroy Destroying ProtocolHandler ["http-nio-8080"]
25-Oct-2024 11:55:18.960 INFO [main] org.apache.catalina.startup.VersionLoggerListener.log Server version name:   Apache Tomcat/9.0.93
25-Oct-2024 11:55:18.964 INFO [main] org.apache.catalina.startup.VersionLoggerListener.log Server built:          Aug 2 2024 21:24:59 UTC
25-Oct-2024 11:55:18.965 INFO [main] org.apache.catalina.startup.VersionLoggerListener.log Server version number: 9.0.93.0
25-Oct-2024 11:55:18.965 INFO [main] org.apache.catalina.startup.VersionLoggerListener.log OS Name:               Linux
25-Oct-2024 11:55:18.965 INFO [main] org.apache.catalina.startup.VersionLoggerListener.log OS Version:            6.8.0-47-generic
25-Oct-2024 11:55:18.965 INFO [main] org.apache.catalina.startup.VersionLoggerListener.log Architecture:          amd64
25-Oct-2024 11:55:18.965 INFO [main] org.apache.catalina.startup.VersionLoggerListener.log Java Home:             /usr/lib/jvm/java-21-openjdk-amd64
25-Oct-2024 11:55:18.965 INFO [main] org.apache.catalina.startup.VersionLoggerListener.log JVM Version:           21.0.4+7-Ubuntu-1ubuntu222.04
25-Oct-2024 11:55:18.966 INFO [main] org.apache.catalina.startup.VersionLoggerListener.log JVM Vendor:            Ubuntu
25-Oct-2024 11:55:18.966 INFO [main] org.apache.catalina.startup.VersionLoggerListener.log CATALINA_BASE:         /home/dik/Desktop/Java/myREST
25-Oct-2024 11:55:18.966 INFO [main] org.apache.catalina.startup.VersionLoggerListener.log CATALINA_HOME:         /home/dik/Desktop/Java/myREST/tomcat
25-Oct-2024 11:55:18.971 INFO [main] org.apache.catalina.startup.VersionLoggerListener.log Command line argument: --add-opens=java.base/java.lang=ALL-UNNAMED
25-Oct-2024 11:55:18.972 INFO [main] org.apache.catalina.startup.VersionLoggerListener.log Command line argument: --add-opens=java.base/java.io=ALL-UNNAMED
25-Oct-2024 11:55:18.972 INFO [main] org.apache.catalina.startup.VersionLoggerListener.log Command line argument: --add-opens=java.base/java.util=ALL-UNNAMED
25-Oct-2024 11:55:18.972 INFO [main] org.apache.catalina.startup.VersionLoggerListener.log Command line argument: --add-opens=java.base/java.util.concurrent=ALL-UNNAMED
25-Oct-2024 11:55:18.972 INFO [main] org.apache.catalina.startup.VersionLoggerListener.log Command line argument: --add-opens=java.rmi/sun.rmi.transport=ALL-UNNAMED
25-Oct-2024 11:55:18.972 INFO [main] org.apache.catalina.startup.VersionLoggerListener.log Command line argument: -Dcatalina.home=/home/dik/Desktop/Java/myREST/tomcat
25-Oct-2024 11:55:18.972 INFO [main] org.apache.catalina.startup.VersionLoggerListener.log Command line argument: -Dcatalina.base=/home/dik/Desktop/Java/myREST
25-Oct-2024 11:55:18.972 INFO [main] org.apache.catalina.startup.VersionLoggerListener.log Command line argument: -Djava.io.tmpdir=/home/dik/Desktop/Java/myREST/temp
25-Oct-2024 11:55:18.972 INFO [main] org.apache.catalina.startup.VersionLoggerListener.log Command line argument: -Djava.util.logging.config.file=/home/dik/Desktop/Java/myREST/conf/logging.properties
25-Oct-2024 11:55:18.972 INFO [main] org.apache.catalina.startup.VersionLoggerListener.log Command line argument: -Djava.util.logging.manager=org.apache.juli.ClassLoaderLogManager
25-Oct-2024 11:55:18.972 INFO [main] org.apache.catalina.startup.VersionLoggerListener.log Command line argument: -javaagent:/home/dik/Desktop/idea-IC-241.18034.62/lib/idea_rt.jar=38219:/home/dik/Desktop/idea-IC-241.18034.62/bin
25-Oct-2024 11:55:18.972 INFO [main] org.apache.catalina.startup.VersionLoggerListener.log Command line argument: -Dfile.encoding=UTF-8
25-Oct-2024 11:55:18.973 INFO [main] org.apache.catalina.startup.VersionLoggerListener.log Command line argument: -Dsun.stdout.encoding=UTF-8
25-Oct-2024 11:55:18.973 INFO [main] org.apache.catalina.startup.VersionLoggerListener.log Command line argument: -Dsun.stderr.encoding=UTF-8
25-Oct-2024 11:55:18.974 INFO [main] org.apache.catalina.core.AprLifecycleListener.lifecycleEvent The Apache Tomcat Native library which allows using OpenSSL was not found on the java.library.path: [/usr/java/packages/lib:/usr/lib/x86_64-linux-gnu/jni:/lib/x86_64-linux-gnu:/usr/lib/x86_64-linux-gnu:/usr/lib/jni:/lib:/usr/lib]
25-Oct-2024 11:55:19.240 INFO [main] org.apache.coyote.AbstractProtocol.init Initializing ProtocolHandler ["http-nio-8080"]
25-Oct-2024 11:55:19.255 INFO [main] org.apache.catalina.startup.Catalina.load Server initialization in [430] milliseconds
25-Oct-2024 11:55:19.286 INFO [main] org.apache.catalina.core.StandardService.startInternal Starting service [Catalina]
25-Oct-2024 11:55:19.286 INFO [main] org.apache.catalina.core.StandardEngine.startInternal Starting Servlet engine: [Apache Tomcat/9.0.93]
25-Oct-2024 11:55:19.293 INFO [main] org.apache.catalina.startup.HostConfig.deployDescriptor Deploying deployment descriptor [/home/dik/Desktop/Java/myREST/conf/Catalina/localhost/myREST.xml]
25-Oct-2024 11:55:19.856 INFO [main] org.apache.jasper.servlet.TldScanner.scanJars At least one JAR was scanned for TLDs yet contained no TLDs. Enable debug logging for this logger for a complete list of JARs that were scanned but no TLDs were found in them. Skipping unneeded JARs during scanning can improve startup time and JSP compilation time.
25-Oct-2024 11:55:19.885 INFO [main] org.apache.catalina.startup.HostConfig.deployDescriptor Deployment of deployment descriptor [/home/dik/Desktop/Java/myREST/conf/Catalina/localhost/myREST.xml] has finished in [591] ms
25-Oct-2024 11:55:19.887 INFO [main] org.apache.coyote.AbstractProtocol.start Starting ProtocolHandler ["http-nio-8080"]
25-Oct-2024 11:55:19.892 INFO [main] org.apache.catalina.startup.Catalina.start Server startup in [636] milliseconds
25-Oct-2024 11:56:21.401 INFO [Thread-1] org.apache.coyote.AbstractProtocol.pause Pausing ProtocolHandler ["http-nio-8080"]
25-Oct-2024 11:56:21.402 INFO [Thread-1] org.apache.catalina.core.StandardService.stopInternal Stopping service [Catalina]
25-Oct-2024 11:56:21.405 WARNING [Thread-1] org.apache.catalina.loader.WebappClassLoaderBase.clearReferencesJdbc The web application [myREST] registered the JDBC driver [org.postgresql.Driver] but failed to unregister it when the web application was stopped. To prevent a memory leak, the JDBC Driver has been forcibly unregistered.
25-Oct-2024 11:56:21.408 INFO [Thread-1] org.apache.coyote.AbstractProtocol.stop Stopping ProtocolHandler ["http-nio-8080"]
25-Oct-2024 11:56:21.409 INFO [Thread-1] org.apache.coyote.AbstractProtocol.destroy Destroying ProtocolHandler ["http-nio-8080"]
25-Oct-2024 12:06:27.281 INFO [main] org.apache.catalina.startup.VersionLoggerListener.log Server version name:   Apache Tomcat/9.0.93
25-Oct-2024 12:06:27.285 INFO [main] org.apache.catalina.startup.VersionLoggerListener.log Server built:          Aug 2 2024 21:24:59 UTC
25-Oct-2024 12:06:27.285 INFO [main] org.apache.catalina.startup.VersionLoggerListener.log Server version number: 9.0.93.0
25-Oct-2024 12:06:27.285 INFO [main] org.apache.catalina.startup.VersionLoggerListener.log OS Name:               Linux
25-Oct-2024 12:06:27.285 INFO [main] org.apache.catalina.startup.VersionLoggerListener.log OS Version:            6.8.0-47-generic
25-Oct-2024 12:06:27.285 INFO [main] org.apache.catalina.startup.VersionLoggerListener.log Architecture:          amd64
25-Oct-2024 12:06:27.285 INFO [main] org.apache.catalina.startup.VersionLoggerListener.log Java Home:             /usr/lib/jvm/java-21-openjdk-amd64
25-Oct-2024 12:06:27.285 INFO [main] org.apache.catalina.startup.VersionLoggerListener.log JVM Version:           21.0.4+7-Ubuntu-1ubuntu222.04
25-Oct-2024 12:06:27.285 INFO [main] org.apache.catalina.startup.VersionLoggerListener.log JVM Vendor:            Ubuntu
25-Oct-2024 12:06:27.285 INFO [main] org.apache.catalina.startup.VersionLoggerListener.log CATALINA_BASE:         /home/dik/Desktop/Java/myREST
25-Oct-2024 12:06:27.285 INFO [main] org.apache.catalina.startup.VersionLoggerListener.log CATALINA_HOME:         /home/dik/Desktop/Java/myREST/tomcat
25-Oct-2024 12:06:27.290 INFO [main] org.apache.catalina.startup.VersionLoggerListener.log Command line argument: --add-opens=java.base/java.lang=ALL-UNNAMED
25-Oct-2024 12:06:27.290 INFO [main] org.apache.catalina.startup.VersionLoggerListener.log Command line argument: --add-opens=java.base/java.io=ALL-UNNAMED
25-Oct-2024 12:06:27.290 INFO [main] org.apache.catalina.startup.VersionLoggerListener.log Command line argument: --add-opens=java.base/java.util=ALL-UNNAMED
25-Oct-2024 12:06:27.290 INFO [main] org.apache.catalina.startup.VersionLoggerListener.log Command line argument: --add-opens=java.base/java.util.concurrent=ALL-UNNAMED
25-Oct-2024 12:06:27.290 INFO [main] org.apache.catalina.startup.VersionLoggerListener.log Command line argument: --add-opens=java.rmi/sun.rmi.transport=ALL-UNNAMED
25-Oct-2024 12:06:27.291 INFO [main] org.apache.catalina.startup.VersionLoggerListener.log Command line argument: -Dcatalina.home=/home/dik/Desktop/Java/myREST/tomcat
25-Oct-2024 12:06:27.291 INFO [main] org.apache.catalina.startup.VersionLoggerListener.log Command line argument: -Dcatalina.base=/home/dik/Desktop/Java/myREST
25-Oct-2024 12:06:27.291 INFO [main] org.apache.catalina.startup.VersionLoggerListener.log Command line argument: -Djava.io.tmpdir=/home/dik/Desktop/Java/myREST/temp
25-Oct-2024 12:06:27.291 INFO [main] org.apache.catalina.startup.VersionLoggerListener.log Command line argument: -Djava.util.logging.config.file=/home/dik/Desktop/Java/myREST/conf/logging.properties
25-Oct-2024 12:06:27.291 INFO [main] org.apache.catalina.startup.VersionLoggerListener.log Command line argument: -Djava.util.logging.manager=org.apache.juli.ClassLoaderLogManager
25-Oct-2024 12:06:27.291 INFO [main] org.apache.catalina.startup.VersionLoggerListener.log Command line argument: -javaagent:/home/dik/Desktop/idea-IC-241.18034.62/lib/idea_rt.jar=36019:/home/dik/Desktop/idea-IC-241.18034.62/bin
25-Oct-2024 12:06:27.291 INFO [main] org.apache.catalina.startup.VersionLoggerListener.log Command line argument: -Dfile.encoding=UTF-8
25-Oct-2024 12:06:27.291 INFO [main] org.apache.catalina.startup.VersionLoggerListener.log Command line argument: -Dsun.stdout.encoding=UTF-8
25-Oct-2024 12:06:27.291 INFO [main] org.apache.catalina.startup.VersionLoggerListener.log Command line argument: -Dsun.stderr.encoding=UTF-8
25-Oct-2024 12:06:27.293 INFO [main] org.apache.catalina.core.AprLifecycleListener.lifecycleEvent The Apache Tomcat Native library which allows using OpenSSL was not found on the java.library.path: [/usr/java/packages/lib:/usr/lib/x86_64-linux-gnu/jni:/lib/x86_64-linux-gnu:/usr/lib/x86_64-linux-gnu:/usr/lib/jni:/lib:/usr/lib]
25-Oct-2024 12:06:27.596 INFO [main] org.apache.coyote.AbstractProtocol.init Initializing ProtocolHandler ["http-nio-8080"]
25-Oct-2024 12:06:27.614 INFO [main] org.apache.catalina.startup.Catalina.load Server initialization in [481] milliseconds
25-Oct-2024 12:06:27.642 INFO [main] org.apache.catalina.core.StandardService.startInternal Starting service [Catalina]
25-Oct-2024 12:06:27.642 INFO [main] org.apache.catalina.core.StandardEngine.startInternal Starting Servlet engine: [Apache Tomcat/9.0.93]
25-Oct-2024 12:06:27.648 INFO [main] org.apache.catalina.startup.HostConfig.deployDescriptor Deploying deployment descriptor [/home/dik/Desktop/Java/myREST/conf/Catalina/localhost/myREST.xml]
25-Oct-2024 12:06:28.181 INFO [main] org.apache.jasper.servlet.TldScanner.scanJars At least one JAR was scanned for TLDs yet contained no TLDs. Enable debug logging for this logger for a complete list of JARs that were scanned but no TLDs were found in them. Skipping unneeded JARs during scanning can improve startup time and JSP compilation time.
25-Oct-2024 12:06:28.215 INFO [main] org.apache.catalina.startup.HostConfig.deployDescriptor Deployment of deployment descriptor [/home/dik/Desktop/Java/myREST/conf/Catalina/localhost/myREST.xml] has finished in [566] ms
25-Oct-2024 12:06:28.218 INFO [main] org.apache.coyote.AbstractProtocol.start Starting ProtocolHandler ["http-nio-8080"]
25-Oct-2024 12:06:28.223 INFO [main] org.apache.catalina.startup.Catalina.start Server startup in [608] milliseconds
25-Oct-2024 12:07:21.601 INFO [Thread-1] org.apache.coyote.AbstractProtocol.pause Pausing ProtocolHandler ["http-nio-8080"]
25-Oct-2024 12:07:21.602 INFO [Thread-1] org.apache.catalina.core.StandardService.stopInternal Stopping service [Catalina]
25-Oct-2024 12:07:21.605 WARNING [Thread-1] org.apache.catalina.loader.WebappClassLoaderBase.clearReferencesJdbc The web application [myREST] registered the JDBC driver [org.postgresql.Driver] but failed to unregister it when the web application was stopped. To prevent a memory leak, the JDBC Driver has been forcibly unregistered.
25-Oct-2024 12:07:21.610 INFO [Thread-1] org.apache.coyote.AbstractProtocol.stop Stopping ProtocolHandler ["http-nio-8080"]
25-Oct-2024 12:07:21.612 INFO [Thread-1] org.apache.coyote.AbstractProtocol.destroy Destroying ProtocolHandler ["http-nio-8080"]
25-Oct-2024 12:11:23.434 INFO [main] org.apache.catalina.startup.VersionLoggerListener.log Server version name:   Apache Tomcat/9.0.93
25-Oct-2024 12:11:23.436 INFO [main] org.apache.catalina.startup.VersionLoggerListener.log Server built:          Aug 2 2024 21:24:59 UTC
25-Oct-2024 12:11:23.436 INFO [main] org.apache.catalina.startup.VersionLoggerListener.log Server version number: 9.0.93.0
25-Oct-2024 12:11:23.437 INFO [main] org.apache.catalina.startup.VersionLoggerListener.log OS Name:               Linux
25-Oct-2024 12:11:23.437 INFO [main] org.apache.catalina.startup.VersionLoggerListener.log OS Version:            6.8.0-47-generic
25-Oct-2024 12:11:23.437 INFO [main] org.apache.catalina.startup.VersionLoggerListener.log Architecture:          amd64
25-Oct-2024 12:11:23.437 INFO [main] org.apache.catalina.startup.VersionLoggerListener.log Java Home:             /usr/lib/jvm/java-21-openjdk-amd64
25-Oct-2024 12:11:23.437 INFO [main] org.apache.catalina.startup.VersionLoggerListener.log JVM Version:           21.0.4+7-Ubuntu-1ubuntu222.04
25-Oct-2024 12:11:23.437 INFO [main] org.apache.catalina.startup.VersionLoggerListener.log JVM Vendor:            Ubuntu
25-Oct-2024 12:11:23.437 INFO [main] org.apache.catalina.startup.VersionLoggerListener.log CATALINA_BASE:         /home/dik/Desktop/Java/myREST
25-Oct-2024 12:11:23.437 INFO [main] org.apache.catalina.startup.VersionLoggerListener.log CATALINA_HOME:         /home/dik/Desktop/Java/myREST/tomcat
25-Oct-2024 12:11:23.441 INFO [main] org.apache.catalina.startup.VersionLoggerListener.log Command line argument: --add-opens=java.base/java.lang=ALL-UNNAMED
25-Oct-2024 12:11:23.441 INFO [main] org.apache.catalina.startup.VersionLoggerListener.log Command line argument: --add-opens=java.base/java.io=ALL-UNNAMED
25-Oct-2024 12:11:23.441 INFO [main] org.apache.catalina.startup.VersionLoggerListener.log Command line argument: --add-opens=java.base/java.util=ALL-UNNAMED
25-Oct-2024 12:11:23.442 INFO [main] org.apache.catalina.startup.VersionLoggerListener.log Command line argument: --add-opens=java.base/java.util.concurrent=ALL-UNNAMED
25-Oct-2024 12:11:23.442 INFO [main] org.apache.catalina.startup.VersionLoggerListener.log Command line argument: --add-opens=java.rmi/sun.rmi.transport=ALL-UNNAMED
25-Oct-2024 12:11:23.442 INFO [main] org.apache.catalina.startup.VersionLoggerListener.log Command line argument: -Dcatalina.home=/home/dik/Desktop/Java/myREST/tomcat
25-Oct-2024 12:11:23.442 INFO [main] org.apache.catalina.startup.VersionLoggerListener.log Command line argument: -Dcatalina.base=/home/dik/Desktop/Java/myREST
25-Oct-2024 12:11:23.442 INFO [main] org.apache.catalina.startup.VersionLoggerListener.log Command line argument: -Djava.io.tmpdir=/home/dik/Desktop/Java/myREST/temp
25-Oct-2024 12:11:23.442 INFO [main] org.apache.catalina.startup.VersionLoggerListener.log Command line argument: -Djava.util.logging.config.file=/home/dik/Desktop/Java/myREST/conf/logging.properties
25-Oct-2024 12:11:23.442 INFO [main] org.apache.catalina.startup.VersionLoggerListener.log Command line argument: -Djava.util.logging.manager=org.apache.juli.ClassLoaderLogManager
25-Oct-2024 12:11:23.442 INFO [main] org.apache.catalina.startup.VersionLoggerListener.log Command line argument: -javaagent:/home/dik/Desktop/idea-IC-241.18034.62/lib/idea_rt.jar=43851:/home/dik/Desktop/idea-IC-241.18034.62/bin
25-Oct-2024 12:11:23.442 INFO [main] org.apache.catalina.startup.VersionLoggerListener.log Command line argument: -Dfile.encoding=UTF-8
25-Oct-2024 12:11:23.442 INFO [main] org.apache.catalina.startup.VersionLoggerListener.log Command line argument: -Dsun.stdout.encoding=UTF-8
25-Oct-2024 12:11:23.442 INFO [main] org.apache.catalina.startup.VersionLoggerListener.log Command line argument: -Dsun.stderr.encoding=UTF-8
25-Oct-2024 12:11:23.444 INFO [main] org.apache.catalina.core.AprLifecycleListener.lifecycleEvent The Apache Tomcat Native library which allows using OpenSSL was not found on the java.library.path: [/usr/java/packages/lib:/usr/lib/x86_64-linux-gnu/jni:/lib/x86_64-linux-gnu:/usr/lib/x86_64-linux-gnu:/usr/lib/jni:/lib:/usr/lib]
25-Oct-2024 12:11:23.723 INFO [main] org.apache.coyote.AbstractProtocol.init Initializing ProtocolHandler ["http-nio-8080"]
25-Oct-2024 12:11:23.738 INFO [main] org.apache.catalina.startup.Catalina.load Server initialization in [441] milliseconds
25-Oct-2024 12:11:23.768 INFO [main] org.apache.catalina.core.StandardService.startInternal Starting service [Catalina]
25-Oct-2024 12:11:23.769 INFO [main] org.apache.catalina.core.StandardEngine.startInternal Starting Servlet engine: [Apache Tomcat/9.0.93]
25-Oct-2024 12:11:23.774 INFO [main] org.apache.catalina.startup.HostConfig.deployDescriptor Deploying deployment descriptor [/home/dik/Desktop/Java/myREST/conf/Catalina/localhost/myREST.xml]
25-Oct-2024 12:11:24.292 INFO [main] org.apache.jasper.servlet.TldScanner.scanJars At least one JAR was scanned for TLDs yet contained no TLDs. Enable debug logging for this logger for a complete list of JARs that were scanned but no TLDs were found in them. Skipping unneeded JARs during scanning can improve startup time and JSP compilation time.
25-Oct-2024 12:11:24.321 INFO [main] org.apache.catalina.startup.HostConfig.deployDescriptor Deployment of deployment descriptor [/home/dik/Desktop/Java/myREST/conf/Catalina/localhost/myREST.xml] has finished in [547] ms
25-Oct-2024 12:11:24.324 INFO [main] org.apache.coyote.AbstractProtocol.start Starting ProtocolHandler ["http-nio-8080"]
25-Oct-2024 12:11:24.329 INFO [main] org.apache.catalina.startup.Catalina.start Server startup in [589] milliseconds
25-Oct-2024 13:45:44.397 INFO [Thread-1] org.apache.coyote.AbstractProtocol.pause Pausing ProtocolHandler ["http-nio-8080"]
25-Oct-2024 13:45:44.398 INFO [Thread-1] org.apache.catalina.core.StandardService.stopInternal Stopping service [Catalina]
25-Oct-2024 13:45:44.401 WARNING [Thread-1] org.apache.catalina.loader.WebappClassLoaderBase.clearReferencesJdbc The web application [myREST] registered the JDBC driver [org.postgresql.Driver] but failed to unregister it when the web application was stopped. To prevent a memory leak, the JDBC Driver has been forcibly unregistered.
25-Oct-2024 13:45:44.405 INFO [Thread-1] org.apache.coyote.AbstractProtocol.stop Stopping ProtocolHandler ["http-nio-8080"]
25-Oct-2024 13:45:44.407 INFO [Thread-1] org.apache.coyote.AbstractProtocol.destroy Destroying ProtocolHandler ["http-nio-8080"]
25-Oct-2024 22:14:12.084 INFO [main] org.apache.catalina.startup.VersionLoggerListener.log Server version name:   Apache Tomcat/9.0.93
25-Oct-2024 22:14:12.088 INFO [main] org.apache.catalina.startup.VersionLoggerListener.log Server built:          Aug 2 2024 21:24:59 UTC
25-Oct-2024 22:14:12.088 INFO [main] org.apache.catalina.startup.VersionLoggerListener.log Server version number: 9.0.93.0
25-Oct-2024 22:14:12.088 INFO [main] org.apache.catalina.startup.VersionLoggerListener.log OS Name:               Linux
25-Oct-2024 22:14:12.088 INFO [main] org.apache.catalina.startup.VersionLoggerListener.log OS Version:            6.8.0-47-generic
25-Oct-2024 22:14:12.088 INFO [main] org.apache.catalina.startup.VersionLoggerListener.log Architecture:          amd64
25-Oct-2024 22:14:12.089 INFO [main] org.apache.catalina.startup.VersionLoggerListener.log Java Home:             /usr/lib/jvm/java-21-openjdk-amd64
25-Oct-2024 22:14:12.089 INFO [main] org.apache.catalina.startup.VersionLoggerListener.log JVM Version:           21.0.4+7-Ubuntu-1ubuntu222.04
25-Oct-2024 22:14:12.089 INFO [main] org.apache.catalina.startup.VersionLoggerListener.log JVM Vendor:            Ubuntu
25-Oct-2024 22:14:12.089 INFO [main] org.apache.catalina.startup.VersionLoggerListener.log CATALINA_BASE:         /home/dik/Desktop/Java/myREST
25-Oct-2024 22:14:12.089 INFO [main] org.apache.catalina.startup.VersionLoggerListener.log CATALINA_HOME:         /home/dik/Desktop/Java/myREST/tomcat
25-Oct-2024 22:14:12.093 INFO [main] org.apache.catalina.startup.VersionLoggerListener.log Command line argument: --add-opens=java.base/java.lang=ALL-UNNAMED
25-Oct-2024 22:14:12.094 INFO [main] org.apache.catalina.startup.VersionLoggerListener.log Command line argument: --add-opens=java.base/java.io=ALL-UNNAMED
25-Oct-2024 22:14:12.094 INFO [main] org.apache.catalina.startup.VersionLoggerListener.log Command line argument: --add-opens=java.base/java.util=ALL-UNNAMED
25-Oct-2024 22:14:12.094 INFO [main] org.apache.catalina.startup.VersionLoggerListener.log Command line argument: --add-opens=java.base/java.util.concurrent=ALL-UNNAMED
25-Oct-2024 22:14:12.094 INFO [main] org.apache.catalina.startup.VersionLoggerListener.log Command line argument: --add-opens=java.rmi/sun.rmi.transport=ALL-UNNAMED
25-Oct-2024 22:14:12.094 INFO [main] org.apache.catalina.startup.VersionLoggerListener.log Command line argument: -Dcatalina.home=/home/dik/Desktop/Java/myREST/tomcat
25-Oct-2024 22:14:12.094 INFO [main] org.apache.catalina.startup.VersionLoggerListener.log Command line argument: -Dcatalina.base=/home/dik/Desktop/Java/myREST
25-Oct-2024 22:14:12.094 INFO [main] org.apache.catalina.startup.VersionLoggerListener.log Command line argument: -Djava.io.tmpdir=/home/dik/Desktop/Java/myREST/temp
25-Oct-2024 22:14:12.094 INFO [main] org.apache.catalina.startup.VersionLoggerListener.log Command line argument: -Djava.util.logging.config.file=/home/dik/Desktop/Java/myREST/conf/logging.properties
25-Oct-2024 22:14:12.094 INFO [main] org.apache.catalina.startup.VersionLoggerListener.log Command line argument: -Djava.util.logging.manager=org.apache.juli.ClassLoaderLogManager
25-Oct-2024 22:14:12.094 INFO [main] org.apache.catalina.startup.VersionLoggerListener.log Command line argument: -javaagent:/home/dik/Desktop/idea-IC-241.18034.62/lib/idea_rt.jar=41867:/home/dik/Desktop/idea-IC-241.18034.62/bin
25-Oct-2024 22:14:12.094 INFO [main] org.apache.catalina.startup.VersionLoggerListener.log Command line argument: -Dfile.encoding=UTF-8
25-Oct-2024 22:14:12.094 INFO [main] org.apache.catalina.startup.VersionLoggerListener.log Command line argument: -Dsun.stdout.encoding=UTF-8
25-Oct-2024 22:14:12.095 INFO [main] org.apache.catalina.startup.VersionLoggerListener.log Command line argument: -Dsun.stderr.encoding=UTF-8
25-Oct-2024 22:14:12.097 INFO [main] org.apache.catalina.core.AprLifecycleListener.lifecycleEvent The Apache Tomcat Native library which allows using OpenSSL was not found on the java.library.path: [/usr/java/packages/lib:/usr/lib/x86_64-linux-gnu/jni:/lib/x86_64-linux-gnu:/usr/lib/x86_64-linux-gnu:/usr/lib/jni:/lib:/usr/lib]
25-Oct-2024 22:14:12.372 INFO [main] org.apache.coyote.AbstractProtocol.init Initializing ProtocolHandler ["http-nio-8080"]
25-Oct-2024 22:14:12.385 INFO [main] org.apache.catalina.startup.Catalina.load Server initialization in [438] milliseconds
25-Oct-2024 22:14:12.412 INFO [main] org.apache.catalina.core.StandardService.startInternal Starting service [Catalina]
25-Oct-2024 22:14:12.412 INFO [main] org.apache.catalina.core.StandardEngine.startInternal Starting Servlet engine: [Apache Tomcat/9.0.93]
25-Oct-2024 22:14:12.419 INFO [main] org.apache.catalina.startup.HostConfig.deployDescriptor Deploying deployment descriptor [/home/dik/Desktop/Java/myREST/conf/Catalina/localhost/myREST.xml]
25-Oct-2024 22:14:12.952 INFO [main] org.apache.jasper.servlet.TldScanner.scanJars At least one JAR was scanned for TLDs yet contained no TLDs. Enable debug logging for this logger for a complete list of JARs that were scanned but no TLDs were found in them. Skipping unneeded JARs during scanning can improve startup time and JSP compilation time.
25-Oct-2024 22:14:12.980 INFO [main] org.apache.catalina.startup.HostConfig.deployDescriptor Deployment of deployment descriptor [/home/dik/Desktop/Java/myREST/conf/Catalina/localhost/myREST.xml] has finished in [562] ms
25-Oct-2024 22:14:12.983 INFO [main] org.apache.coyote.AbstractProtocol.start Starting ProtocolHandler ["http-nio-8080"]
25-Oct-2024 22:14:12.988 INFO [main] org.apache.catalina.startup.Catalina.start Server startup in [602] milliseconds
25-Oct-2024 22:14:15.524 INFO [Thread-1] org.apache.coyote.AbstractProtocol.pause Pausing ProtocolHandler ["http-nio-8080"]
25-Oct-2024 22:14:15.526 INFO [Thread-1] org.apache.catalina.core.StandardService.stopInternal Stopping service [Catalina]
25-Oct-2024 22:14:15.531 INFO [Thread-1] org.apache.coyote.AbstractProtocol.stop Stopping ProtocolHandler ["http-nio-8080"]
25-Oct-2024 22:14:15.533 INFO [Thread-1] org.apache.coyote.AbstractProtocol.destroy Destroying ProtocolHandler ["http-nio-8080"]
25-Oct-2024 23:53:07.240 INFO [main] org.apache.catalina.startup.VersionLoggerListener.log Server version name:   Apache Tomcat/9.0.93
25-Oct-2024 23:53:07.243 INFO [main] org.apache.catalina.startup.VersionLoggerListener.log Server built:          Aug 2 2024 21:24:59 UTC
25-Oct-2024 23:53:07.243 INFO [main] org.apache.catalina.startup.VersionLoggerListener.log Server version number: 9.0.93.0
25-Oct-2024 23:53:07.243 INFO [main] org.apache.catalina.startup.VersionLoggerListener.log OS Name:               Linux
25-Oct-2024 23:53:07.243 INFO [main] org.apache.catalina.startup.VersionLoggerListener.log OS Version:            6.8.0-47-generic
25-Oct-2024 23:53:07.243 INFO [main] org.apache.catalina.startup.VersionLoggerListener.log Architecture:          amd64
25-Oct-2024 23:53:07.243 INFO [main] org.apache.catalina.startup.VersionLoggerListener.log Java Home:             /usr/lib/jvm/java-21-openjdk-amd64
25-Oct-2024 23:53:07.243 INFO [main] org.apache.catalina.startup.VersionLoggerListener.log JVM Version:           21.0.4+7-Ubuntu-1ubuntu222.04
25-Oct-2024 23:53:07.243 INFO [main] org.apache.catalina.startup.VersionLoggerListener.log JVM Vendor:            Ubuntu
25-Oct-2024 23:53:07.243 INFO [main] org.apache.catalina.startup.VersionLoggerListener.log CATALINA_BASE:         /home/dik/Desktop/Java/myREST
25-Oct-2024 23:53:07.243 INFO [main] org.apache.catalina.startup.VersionLoggerListener.log CATALINA_HOME:         /home/dik/Desktop/Java/myREST/tomcat
25-Oct-2024 23:53:07.248 INFO [main] org.apache.catalina.startup.VersionLoggerListener.log Command line argument: --add-opens=java.base/java.lang=ALL-UNNAMED
25-Oct-2024 23:53:07.249 INFO [main] org.apache.catalina.startup.VersionLoggerListener.log Command line argument: --add-opens=java.base/java.io=ALL-UNNAMED
25-Oct-2024 23:53:07.249 INFO [main] org.apache.catalina.startup.VersionLoggerListener.log Command line argument: --add-opens=java.base/java.util=ALL-UNNAMED
25-Oct-2024 23:53:07.249 INFO [main] org.apache.catalina.startup.VersionLoggerListener.log Command line argument: --add-opens=java.base/java.util.concurrent=ALL-UNNAMED
25-Oct-2024 23:53:07.249 INFO [main] org.apache.catalina.startup.VersionLoggerListener.log Command line argument: --add-opens=java.rmi/sun.rmi.transport=ALL-UNNAMED
25-Oct-2024 23:53:07.249 INFO [main] org.apache.catalina.startup.VersionLoggerListener.log Command line argument: -Dcatalina.home=/home/dik/Desktop/Java/myREST/tomcat
25-Oct-2024 23:53:07.249 INFO [main] org.apache.catalina.startup.VersionLoggerListener.log Command line argument: -Dcatalina.base=/home/dik/Desktop/Java/myREST
25-Oct-2024 23:53:07.249 INFO [main] org.apache.catalina.startup.VersionLoggerListener.log Command line argument: -Djava.io.tmpdir=/home/dik/Desktop/Java/myREST/temp
25-Oct-2024 23:53:07.249 INFO [main] org.apache.catalina.startup.VersionLoggerListener.log Command line argument: -Djava.util.logging.config.file=/home/dik/Desktop/Java/myREST/conf/logging.properties
25-Oct-2024 23:53:07.249 INFO [main] org.apache.catalina.startup.VersionLoggerListener.log Command line argument: -Djava.util.logging.manager=org.apache.juli.ClassLoaderLogManager
25-Oct-2024 23:53:07.249 INFO [main] org.apache.catalina.startup.VersionLoggerListener.log Command line argument: -javaagent:/home/dik/Desktop/idea-IC-241.18034.62/lib/idea_rt.jar=41569:/home/dik/Desktop/idea-IC-241.18034.62/bin
25-Oct-2024 23:53:07.249 INFO [main] org.apache.catalina.startup.VersionLoggerListener.log Command line argument: -Dfile.encoding=UTF-8
25-Oct-2024 23:53:07.249 INFO [main] org.apache.catalina.startup.VersionLoggerListener.log Command line argument: -Dsun.stdout.encoding=UTF-8
25-Oct-2024 23:53:07.249 INFO [main] org.apache.catalina.startup.VersionLoggerListener.log Command line argument: -Dsun.stderr.encoding=UTF-8
25-Oct-2024 23:53:07.251 INFO [main] org.apache.catalina.core.AprLifecycleListener.lifecycleEvent The Apache Tomcat Native library which allows using OpenSSL was not found on the java.library.path: [/usr/java/packages/lib:/usr/lib/x86_64-linux-gnu/jni:/lib/x86_64-linux-gnu:/usr/lib/x86_64-linux-gnu:/usr/lib/jni:/lib:/usr/lib]
25-Oct-2024 23:53:07.519 INFO [main] org.apache.coyote.AbstractProtocol.init Initializing ProtocolHandler ["http-nio-8080"]
25-Oct-2024 23:53:07.539 INFO [main] org.apache.catalina.startup.Catalina.load Server initialization in [448] milliseconds
25-Oct-2024 23:53:07.575 INFO [main] org.apache.catalina.core.StandardService.startInternal Starting service [Catalina]
25-Oct-2024 23:53:07.575 INFO [main] org.apache.catalina.core.StandardEngine.startInternal Starting Servlet engine: [Apache Tomcat/9.0.93]
25-Oct-2024 23:53:07.581 INFO [main] org.apache.catalina.startup.HostConfig.deployDescriptor Deploying deployment descriptor [/home/dik/Desktop/Java/myREST/conf/Catalina/localhost/myREST.xml]
25-Oct-2024 23:53:08.102 INFO [main] org.apache.jasper.servlet.TldScanner.scanJars At least one JAR was scanned for TLDs yet contained no TLDs. Enable debug logging for this logger for a complete list of JARs that were scanned but no TLDs were found in them. Skipping unneeded JARs during scanning can improve startup time and JSP compilation time.
25-Oct-2024 23:53:08.132 INFO [main] org.apache.catalina.startup.HostConfig.deployDescriptor Deployment of deployment descriptor [/home/dik/Desktop/Java/myREST/conf/Catalina/localhost/myREST.xml] has finished in [550] ms
25-Oct-2024 23:53:08.134 INFO [main] org.apache.coyote.AbstractProtocol.start Starting ProtocolHandler ["http-nio-8080"]
25-Oct-2024 23:53:08.139 INFO [main] org.apache.catalina.startup.Catalina.start Server startup in [598] milliseconds
