30-Nov-2024 05:49:45.074 INFO [Thread-1] org.apache.coyote.AbstractProtocol.pause Pausing ProtocolHandler ["http-nio-8080"]
30-Nov-2024 05:49:45.078 INFO [Thread-1] org.apache.catalina.core.StandardService.stopInternal Stopping service [Catalina]
30-Nov-2024 05:49:45.085 WARNING [Thread-1] org.apache.catalina.loader.WebappClassLoaderBase.clearReferencesJdbc The web application [api] registered the JDBC driver [org.postgresql.Driver] but failed to unregister it when the web application was stopped. To prevent a memory leak, the JDBC Driver has been forcibly unregistered.
30-Nov-2024 05:49:45.093 INFO [Thread-1] org.apache.coyote.AbstractProtocol.stop Stopping ProtocolHandler ["http-nio-8080"]
30-Nov-2024 05:49:45.141 INFO [Thread-1] org.apache.coyote.AbstractProtocol.destroy Destroying ProtocolHandler ["http-nio-8080"]
30-Nov-2024 17:29:48.837 INFO [main] org.apache.catalina.startup.VersionLoggerListener.log Имя версии сервера:    Apache Tomcat/9.0.93
30-Nov-2024 17:29:48.840 INFO [main] org.apache.catalina.startup.VersionLoggerListener.log Сервер собран:         Aug 2 2024 21:24:59 UTC
30-Nov-2024 17:29:48.841 INFO [main] org.apache.catalina.startup.VersionLoggerListener.log Номер версии сервера:  9.0.93.0
30-Nov-2024 17:29:48.841 INFO [main] org.apache.catalina.startup.VersionLoggerListener.log OS Name:               Windows 11
30-Nov-2024 17:29:48.841 INFO [main] org.apache.catalina.startup.VersionLoggerListener.log Версия ОС:             10.0
30-Nov-2024 17:29:48.841 INFO [main] org.apache.catalina.startup.VersionLoggerListener.log Архитектура:           amd64
30-Nov-2024 17:29:48.841 INFO [main] org.apache.catalina.startup.VersionLoggerListener.log Java Home:             C:\Users\mailb\.jdks\openjdk-23.0.1
30-Nov-2024 17:29:48.841 INFO [main] org.apache.catalina.startup.VersionLoggerListener.log Версия JVM:            23.0.1+11-39
30-Nov-2024 17:29:48.841 INFO [main] org.apache.catalina.startup.VersionLoggerListener.log Производитель JVM:     Oracle Corporation
30-Nov-2024 17:29:48.841 INFO [main] org.apache.catalina.startup.VersionLoggerListener.log CATALINA_BASE:         C:\Users\mailb\Desktop\Java\REST
30-Nov-2024 17:29:48.841 INFO [main] org.apache.catalina.startup.VersionLoggerListener.log CATALINA_HOME:         C:\Users\mailb\Desktop\Java\REST\tomcat
30-Nov-2024 17:29:48.849 INFO [main] org.apache.catalina.startup.VersionLoggerListener.log Command line argument: --add-opens=java.base/java.lang=ALL-UNNAMED
30-Nov-2024 17:29:48.849 INFO [main] org.apache.catalina.startup.VersionLoggerListener.log Command line argument: --add-opens=java.base/java.io=ALL-UNNAMED
30-Nov-2024 17:29:48.849 INFO [main] org.apache.catalina.startup.VersionLoggerListener.log Command line argument: --add-opens=java.base/java.util=ALL-UNNAMED
30-Nov-2024 17:29:48.849 INFO [main] org.apache.catalina.startup.VersionLoggerListener.log Command line argument: --add-opens=java.base/java.util.concurrent=ALL-UNNAMED
30-Nov-2024 17:29:48.849 INFO [main] org.apache.catalina.startup.VersionLoggerListener.log Command line argument: --add-opens=java.rmi/sun.rmi.transport=ALL-UNNAMED
30-Nov-2024 17:29:48.849 INFO [main] org.apache.catalina.startup.VersionLoggerListener.log Command line argument: -Dcatalina.home=C:\Users\mailb\Desktop\Java\REST\tomcat
30-Nov-2024 17:29:48.849 INFO [main] org.apache.catalina.startup.VersionLoggerListener.log Command line argument: -Dcatalina.base=C:\Users\mailb\Desktop\Java\REST
30-Nov-2024 17:29:48.850 INFO [main] org.apache.catalina.startup.VersionLoggerListener.log Command line argument: -Djava.io.tmpdir=C:\Users\mailb\Desktop\Java\REST\temp
30-Nov-2024 17:29:48.850 INFO [main] org.apache.catalina.startup.VersionLoggerListener.log Command line argument: -Djava.util.logging.config.file=C:\Users\mailb\Desktop\Java\REST\conf\logging.properties
30-Nov-2024 17:29:48.850 INFO [main] org.apache.catalina.startup.VersionLoggerListener.log Command line argument: -Djava.util.logging.manager=org.apache.juli.ClassLoaderLogManager
30-Nov-2024 17:29:48.850 INFO [main] org.apache.catalina.startup.VersionLoggerListener.log Command line argument: -javaagent:C:\Users\mailb\Desktop\IntelliJ IDEA Community Edition 2024.2.4\lib\idea_rt.jar=54132:C:\Users\mailb\Desktop\IntelliJ IDEA Community Edition 2024.2.4\bin
30-Nov-2024 17:29:48.850 INFO [main] org.apache.catalina.startup.VersionLoggerListener.log Command line argument: -Dfile.encoding=UTF-8
30-Nov-2024 17:29:48.850 INFO [main] org.apache.catalina.startup.VersionLoggerListener.log Command line argument: -Dsun.stdout.encoding=UTF-8
30-Nov-2024 17:29:48.850 INFO [main] org.apache.catalina.startup.VersionLoggerListener.log Command line argument: -Dsun.stderr.encoding=UTF-8
30-Nov-2024 17:29:48.857 INFO [main] org.apache.catalina.core.AprLifecycleListener.lifecycleEvent The Apache Tomcat Native library which allows using OpenSSL was not found on the java.library.path: [C:\Users\mailb\.jdks\openjdk-23.0.1\bin;C:\WINDOWS\Sun\Java\bin;C:\WINDOWS\system32;C:\WINDOWS;C:\Windows\System32\HWAudioDriverLibs;C:\Windows\system32;C:\Windows;C:\Windows\System32\Wbem;C:\Windows\System32\WindowsPowerShell\v1.0\;C:\Windows\System32\OpenSSH\;C:\Users\Administrator\AppData\Local\Microsoft\WindowsApps;C:\WINDOWS\system32;C:\WINDOWS;C:\WINDOWS\System32\Wbem;C:\WINDOWS\System32\WindowsPowerShell\v1.0\;C:\WINDOWS\System32\OpenSSH\;C:\Program Files\Microsoft SQL Server\150\Tools\Binn\;C:\Program Files\nodejs\;C:\php-8.2.8;C:\msys64\mingw64\bin;C:\msys64\usr\bin;C:\Users\mailb\AppData\Local\Programs\Python\Python312\Scripts\;C:\Users\mailb\AppData\Local\Programs\Python\Python312\;C:\MinGW\bin;C:\Program Files\Java\jdk-22\bin;C:\Program Files\dotnet\;C:\Program Files\Git\cmd;C:\Program Files\Docker\Docker\resources\bin;C:\Users\mailb\AppData\Local\Programs\Python\Python312\Scripts\;C:\Users\mailb\AppData\Local\Programs\Python\Python312\;C:\Users\mailb\AppData\Local\Microsoft\WindowsApps;C:\Users\mailb\AppData\Roaming\npm;C:\msys64\mingw64\bin;C:\msys64\usr\bin;C:\Users\mailb\AppData\Local\Programs\Microsoft VS Code\bin;.]
30-Nov-2024 17:29:49.345 INFO [main] org.apache.coyote.AbstractProtocol.init Инициализация ProtocolHandler ["http-nio-8080"]
30-Nov-2024 17:29:49.370 INFO [main] org.apache.catalina.startup.Catalina.load Server initialization in [795] milliseconds
30-Nov-2024 17:29:49.424 INFO [main] org.apache.catalina.core.StandardService.startInternal Starting service [Catalina]
30-Nov-2024 17:29:49.424 INFO [main] org.apache.catalina.core.StandardEngine.startInternal Starting Servlet engine: [Apache Tomcat/9.0.93]
30-Nov-2024 17:29:49.433 INFO [main] org.apache.catalina.startup.HostConfig.deployDescriptor Deploying deployment descriptor [C:\Users\mailb\Desktop\Java\REST\conf\Catalina\localhost\api.xml]
30-Nov-2024 17:29:51.218 INFO [main] org.apache.jasper.servlet.TldScanner.scanJars At least one JAR was scanned for TLDs yet contained no TLDs. Enable debug logging for this logger for a complete list of JARs that were scanned but no TLDs were found in them. Skipping unneeded JARs during scanning can improve startup time and JSP compilation time.
30-Nov-2024 17:29:51.279 INFO [main] org.apache.catalina.startup.HostConfig.deployDescriptor Deployment of deployment descriptor [C:\Users\mailb\Desktop\Java\REST\conf\Catalina\localhost\api.xml] has finished in [1 843] ms
30-Nov-2024 17:29:51.282 INFO [main] org.apache.coyote.AbstractProtocol.start Starting ProtocolHandler ["http-nio-8080"]
30-Nov-2024 17:29:51.301 INFO [main] org.apache.catalina.startup.Catalina.start Server startup in [1929] milliseconds
30-Nov-2024 17:30:09.651 INFO [Thread-1] org.apache.coyote.AbstractProtocol.pause Pausing ProtocolHandler ["http-nio-8080"]
30-Nov-2024 17:30:09.662 INFO [Thread-1] org.apache.catalina.core.StandardService.stopInternal Stopping service [Catalina]
30-Nov-2024 17:30:09.667 WARNING [Thread-1] org.apache.catalina.loader.WebappClassLoaderBase.clearReferencesJdbc The web application [api] registered the JDBC driver [org.postgresql.Driver] but failed to unregister it when the web application was stopped. To prevent a memory leak, the JDBC Driver has been forcibly unregistered.
30-Nov-2024 17:30:09.667 INFO [Thread-1] org.apache.coyote.AbstractProtocol.stop Stopping ProtocolHandler ["http-nio-8080"]
30-Nov-2024 17:30:09.685 INFO [Thread-1] org.apache.coyote.AbstractProtocol.destroy Destroying ProtocolHandler ["http-nio-8080"]
